Skip to content
yisraelgoldman13-design
otzaria
Repository navigation
Code
Pull requests
Actions
Projects
Wiki
Security
Insights
Settings
Build Windows (Fast)2
Build Windows (Fast)2 #1
All jobs
Run details
build_windows_fast
failed now in 10m 38s
Search logs
2s
9s
1s
1m 52s
0s
19s
8m 11s
Run flutter pub get
Building flutter tool... 
Running pub upgrade... 
Resolving dependencies...
Downloading packages...
Got dependencies.
Resolving dependencies...
Downloading packages...
! analyzer 10.0.0 (overridden) (10.0.1 available)
  build 2.5.4 (4.0.4 available)
  build_config 1.1.2 (1.2.0 available)
  build_resolvers 2.5.4 (3.0.4 available)
  build_runner 2.5.4 (2.10.5 available)
  build_runner_core 9.1.2 (9.3.2 available)
  characters 1.4.0 (1.4.1 available)
  dart_style 2.3.8 (3.1.4 available)
  device_info_plus 11.5.0 (12.3.0 available)
  flutter_lints 5.0.0 (6.0.0 available)
  flutter_markdown 0.7.7+1 (discontinued replaced by flutter_markdown_plus)
  get_it 8.3.0 (9.2.0 available)
< grpc 4.1.0 (was 4.2.0) (5.1.0 available)
  image 4.5.4 (4.7.2 available)
! isar 4.0.0-dev.14 (overridden)
! isar_flutter_libs 4.0.0-dev.14 (overridden)
  js 0.6.7 (0.7.2 available)
  lints 5.1.1 (6.0.0 available)
! matcher 0.12.18 (overridden)
  material_color_utilities 0.11.1 (0.13.0 available)
< meta 1.16.0 (was 1.17.0) (1.18.0 available)
  mockito 5.4.6 (5.6.3 available)
  path_provider_foundation 2.5.1 (2.6.0 available)
  protobuf 4.2.0 (6.0.0 available)
  source_gen 1.5.0 (4.2.0 available)
< sqflite_common_ffi 2.3.7+1 (was 2.4.0+2) (2.4.0+2 available)
< sqlite3 2.9.4 (was 3.1.3) (3.1.3 available)
  sqlite3_flutter_libs 0.5.40 (0.5.41 available)
! test 1.26.2 (overridden) (1.29.0 available)
< test_api 0.7.6 (was 0.7.7) (0.7.9 available)
< test_core 0.6.11 (was 0.6.12) (0.6.15 available)
  timezone 0.10.1 (0.11.0 available)
  url_launcher_web 2.4.1 (2.4.2 available)
  vector_graphics_compiler 1.1.19 (1.1.20 available)
< video_player_avfoundation 2.8.9 (was 2.8.10) (2.9.0 available)
These packages are no longer being depended on:
- code_assets 1.0.0
- hooks 1.0.0
- native_toolchain_c 0.17.4
Changed 10 dependencies!
1 package is discontinued.
31 packages have newer versions incompatible with dependency constraints.
Try `flutter pub outdated` for more information.
[  +27 ms] Artifact Instance of 'MaterialFonts' is not required, skipping update.
[   +7 ms] Artifact Instance of 'GradleWrapper' is not required, skipping update.
[        ] Artifact Instance of 'AndroidGenSnapshotArtifacts' is not required, skipping update.
[        ] Artifact Instance of 'AndroidInternalBuildArtifacts' is not required, skipping update.
[        ] Artifact Instance of 'IOSEngineArtifacts' is not required, skipping update.
[        ] Artifact Instance of 'FlutterWebSdk' is not required, skipping update.
[   +1 ms] Artifact Instance of 'LegacyCanvasKitRemover' is not required, skipping update.
[        ] Artifact Instance of 'FlutterSdk' is not required, skipping update.
[        ] Artifact Instance of 'WindowsEngineArtifacts' is not required, skipping update.
[        ] Artifact Instance of 'MacOSEngineArtifacts' is not required, skipping update.
[        ] Artifact Instance of 'LinuxEngineArtifacts' is not required, skipping update.
[        ] Artifact Instance of 'LinuxFuchsiaSDKArtifacts' is not required, skipping update.
[        ] Artifact Instance of 'MacOSFuchsiaSDKArtifacts' is not required, skipping update.
[        ] Artifact Instance of 'FlutterRunnerSDKArtifacts' is not required, skipping update.
[        ] Artifact Instance of 'FlutterRunnerDebugSymbols' is not required, skipping update.
[        ] Artifact Instance of 'IosUsbArtifacts' is not required, skipping update.
[        ] Artifact Instance of 'IosUsbArtifacts' is not required, skipping update.
[        ] Artifact Instance of 'IosUsbArtifacts' is not required, skipping update.
[        ] Artifact Instance of 'IosUsbArtifacts' is not required, skipping update.
[        ] Artifact Instance of 'IosUsbArtifacts' is not required, skipping update.
[        ] Artifact Instance of 'IosUsbArtifacts' is not required, skipping update.
[        ] Artifact Instance of 'FontSubsetArtifacts' is not required, skipping update.
[        ] Artifact Instance of 'PubDependencies' is not required, skipping update.
[  +12 ms] Artifact Instance of 'AndroidGenSnapshotArtifacts' is not required, skipping update.
[        ] Artifact Instance of 'AndroidInternalBuildArtifacts' is not required, skipping update.
[        ] Artifact Instance of 'IOSEngineArtifacts' is not required, skipping update.
[        ] Artifact Instance of 'FlutterWebSdk' is not required, skipping update.
[        ] Artifact Instance of 'FlutterEngineStamp' is not required, skipping update.
[        ] Artifact Instance of 'LegacyCanvasKitRemover' is not required, skipping update.
[   +1 ms] Artifact Instance of 'WindowsEngineArtifacts' is not required, skipping update.
[        ] Artifact Instance of 'MacOSEngineArtifacts' is not required, skipping update.
[        ] Artifact Instance of 'LinuxEngineArtifacts' is not required, skipping update.
[        ] Artifact Instance of 'LinuxFuchsiaSDKArtifacts' is not required, skipping update.
[        ] Artifact Instance of 'MacOSFuchsiaSDKArtifacts' is not required, skipping update.
[        ] Artifact Instance of 'FlutterRunnerSDKArtifacts' is not required, skipping update.
[        ] Artifact Instance of 'FlutterRunnerDebugSymbols' is not required, skipping update.
[  +43 ms] Artifact Instance of 'MaterialFonts' is not required, skipping update.
[        ] Artifact Instance of 'GradleWrapper' is not required, skipping update.
[        ] Artifact Instance of 'AndroidGenSnapshotArtifacts' is not required, skipping update.
[        ] Artifact Instance of 'AndroidInternalBuildArtifacts' is not required, skipping update.
[        ] Artifact Instance of 'IOSEngineArtifacts' is not required, skipping update.
[        ] Artifact Instance of 'FlutterWebSdk' is not required, skipping update.
[        ] Artifact Instance of 'FlutterEngineStamp' is not required, skipping update.
[        ] Artifact Instance of 'LegacyCanvasKitRemover' is not required, skipping update.
[        ] Artifact Instance of 'FlutterSdk' is not required, skipping update.
[   +1 ms] Artifact Instance of 'MacOSEngineArtifacts' is not required, skipping update.
[        ] Artifact Instance of 'LinuxEngineArtifacts' is not required, skipping update.
[        ] Artifact Instance of 'LinuxFuchsiaSDKArtifacts' is not required, skipping update.
[        ] Artifact Instance of 'MacOSFuchsiaSDKArtifacts' is not required, skipping update.
[        ] Artifact Instance of 'FlutterRunnerSDKArtifacts' is not required, skipping update.
[        ] Artifact Instance of 'FlutterRunnerDebugSymbols' is not required, skipping update.
[        ] Artifact Instance of 'IosUsbArtifacts' is not required, skipping update.
[        ] Artifact Instance of 'IosUsbArtifacts' is not required, skipping update.
[        ] Artifact Instance of 'IosUsbArtifacts' is not required, skipping update.
[        ] Artifact Instance of 'IosUsbArtifacts' is not required, skipping update.
[        ] Artifact Instance of 'IosUsbArtifacts' is not required, skipping update.
[        ] Artifact Instance of 'IosUsbArtifacts' is not required, skipping update.
[        ] Artifact Instance of 'FontSubsetArtifacts' is not required, skipping update.
[        ] Artifact Instance of 'PubDependencies' is not required, skipping update.
[  +18 ms] Skipping pub get: version match.
[ +148 ms] Found plugin window_manager at C:\Users\runneradmin\AppData\Local\Pub\Cache\hosted\pub.dev\window_manager-0.5.1\
[   +7 ms] Found plugin screen_retriever at C:\Users\runneradmin\AppData\Local\Pub\Cache\hosted\pub.dev\screen_retriever-0.2.0\
[   +1 ms] Found plugin screen_retriever_windows at C:\Users\runneradmin\AppData\Local\Pub\Cache\hosted\pub.dev\screen_retriever_windows-0.2.0\
[   +3 ms] Found plugin screen_retriever_macos at C:\Users\runneradmin\AppData\Local\Pub\Cache\hosted\pub.dev\screen_retriever_macos-0.2.0\
[   +1 ms] Found plugin screen_retriever_linux at C:\Users\runneradmin\AppData\Local\Pub\Cache\hosted\pub.dev\screen_retriever_linux-0.2.0\
[   +1 ms] Found plugin url_launcher at C:\Users\runneradmin\AppData\Local\Pub\Cache\hosted\pub.dev\url_launcher-6.3.2\
[   +1 ms] Found plugin url_launcher_windows at C:\Users\runneradmin\AppData\Local\Pub\Cache\hosted\pub.dev\url_launcher_windows-3.1.5\
[   +2 ms] Found plugin url_launcher_web at C:\Users\runneradmin\AppData\Local\Pub\Cache\hosted\pub.dev\url_launcher_web-2.4.1\
[   +2 ms] Found plugin url_launcher_macos at C:\Users\runneradmin\AppData\Local\Pub\Cache\hosted\pub.dev\url_launcher_macos-3.2.5\
[   +1 ms] Found plugin url_launcher_linux at C:\Users\runneradmin\AppData\Local\Pub\Cache\hosted\pub.dev\url_launcher_linux-3.2.2\
[   +1 ms] Found plugin url_launcher_ios at C:\Users\runneradmin\AppData\Local\Pub\Cache\hosted\pub.dev\url_launcher_ios-6.3.6\
[   +3 ms] Found plugin url_launcher_android at C:\Users\runneradmin\AppData\Local\Pub\Cache\hosted\pub.dev\url_launcher_android-6.3.28\
[   +5 ms] Found plugin path_provider at C:\Users\runneradmin\AppData\Local\Pub\Cache\hosted\pub.dev\path_provider-2.1.5\
[   +1 ms] Found plugin path_provider_windows at C:\Users\runneradmin\AppData\Local\Pub\Cache\hosted\pub.dev\path_provider_windows-2.3.0\
[   +4 ms] Found plugin path_provider_linux at C:\Users\runneradmin\AppData\Local\Pub\Cache\hosted\pub.dev\path_provider_linux-2.2.1\
[   +3 ms] Found plugin path_provider_foundation at C:\Users\runneradmin\AppData\Local\Pub\Cache\hosted\pub.dev\path_provider_foundation-2.5.1\
[   +1 ms] Found plugin path_provider_android at C:\Users\runneradmin\AppData\Local\Pub\Cache\hosted\pub.dev\path_provider_android-2.2.22\
[   +8 ms] Found plugin super_native_extensions at C:\Users\runneradmin\AppData\Local\Pub\Cache\hosted\pub.dev\super_native_extensions-0.9.1\
[   +4 ms] Found plugin irondash_engine_context at C:\Users\runneradmin\AppData\Local\Pub\Cache\hosted\pub.dev\irondash_engine_context-0.5.5\
[   +1 ms] Found plugin device_info_plus at C:\Users\runneradmin\AppData\Local\Pub\Cache\hosted\pub.dev\device_info_plus-11.5.0\
[   +5 ms] Found plugin sqlite3_flutter_libs at C:\Users\runneradmin\AppData\Local\Pub\Cache\hosted\pub.dev\sqlite3_flutter_libs-0.5.40\
[   +5 ms] Found plugin sqflite at C:\Users\runneradmin\AppData\Local\Pub\Cache\hosted\pub.dev\sqflite-2.4.2\
[   +2 ms] Found plugin sqflite_darwin at C:\Users\runneradmin\AppData\Local\Pub\Cache\hosted\pub.dev\sqflite_darwin-2.4.2\
[   +1 ms] Found plugin sqflite_android at C:\Users\runneradmin\AppData\Local\Pub\Cache\hosted\pub.dev\sqflite_android-2.4.2+2\
[   +1 ms] Found plugin shared_preferences at C:\Users\runneradmin\AppData\Local\Pub\Cache\hosted\pub.dev\shared_preferences-2.5.4\
[   +1 ms] Found plugin shared_preferences_windows at C:\Users\runneradmin\AppData\Local\Pub\Cache\hosted\pub.dev\shared_preferences_windows-2.4.1\
[   +2 ms] Found plugin shared_preferences_web at C:\Users\runneradmin\AppData\Local\Pub\Cache\hosted\pub.dev\shared_preferences_web-2.4.3\
[   +1 ms] Found plugin shared_preferences_linux at C:\Users\runneradmin\AppData\Local\Pub\Cache\hosted\pub.dev\shared_preferences_linux-2.4.1\
[   +1 ms] Found plugin shared_preferences_foundation at C:\Users\runneradmin\AppData\Local\Pub\Cache\hosted\pub.dev\shared_preferences_foundation-2.5.6\
[   +1 ms] Found plugin shared_preferences_android at C:\Users\runneradmin\AppData\Local\Pub\Cache\hosted\pub.dev\shared_preferences_android-2.4.18\
[   +8 ms] Found plugin search_engine at C:\Users\runneradmin\AppData\Local\Pub\Cache\git\otzaria_search_engine-13920073a9e4a39469eb0e4cb93f50ec245cc69c\
[   +4 ms] Found plugin printing at C:\Users\runneradmin\AppData\Local\Pub\Cache\hosted\pub.dev\printing-5.14.2\
[  +12 ms] Found plugin pdfium_flutter at C:\Users\runneradmin\AppData\Local\Pub\Cache\hosted\pub.dev\pdfium_flutter-0.1.9\
[   +2 ms] Found plugin package_info_plus at C:\Users\runneradmin\AppData\Local\Pub\Cache\hosted\pub.dev\package_info_plus-9.0.0\
[   +5 ms] Found plugin isar_flutter_libs at C:\Users\runneradmin\AppData\Local\Pub\Cache\hosted\pub.dev\isar_flutter_libs-4.0.0-dev.14\
[   +8 ms] Found plugin webview_flutter_wkwebview at C:\Users\runneradmin\AppData\Local\Pub\Cache\hosted\pub.dev\webview_flutter_wkwebview-3.23.5\
[   +1 ms] Found plugin webview_flutter_android at C:\Users\runneradmin\AppData\Local\Pub\Cache\hosted\pub.dev\webview_flutter_android-4.10.11\
[        ] Found plugin webview_flutter at C:\Users\runneradmin\AppData\Local\Pub\Cache\hosted\pub.dev\webview_flutter-4.13.1\
[   +7 ms] Found plugin just_audio at C:\Users\runneradmin\AppData\Local\Pub\Cache\hosted\pub.dev\just_audio-0.10.5\
[        ] Found plugin just_audio_web at C:\Users\runneradmin\AppData\Local\Pub\Cache\hosted\pub.dev\just_audio_web-0.4.16\
[   +1 ms] Found plugin audio_session at C:\Users\runneradmin\AppData\Local\Pub\Cache\hosted\pub.dev\audio_session-0.2.2\
[   +1 ms] Found plugin video_player at C:\Users\runneradmin\AppData\Local\Pub\Cache\hosted\pub.dev\video_player-2.10.1\
[        ] Found plugin video_player_web at C:\Users\runneradmin\AppData\Local\Pub\Cache\hosted\pub.dev\video_player_web-2.4.0\
[   +1 ms] Found plugin video_player_avfoundation at C:\Users\runneradmin\AppData\Local\Pub\Cache\hosted\pub.dev\video_player_avfoundation-2.8.9\
[   +1 ms] Found plugin video_player_android at C:\Users\runneradmin\AppData\Local\Pub\Cache\hosted\pub.dev\video_player_android-2.9.1\
[   +2 ms] Found plugin wakelock_plus at C:\Users\runneradmin\AppData\Local\Pub\Cache\hosted\pub.dev\wakelock_plus-1.4.0\
[  +18 ms] Found plugin flutter_local_notifications at C:\Users\runneradmin\AppData\Local\Pub\Cache\hosted\pub.dev\flutter_local_notifications-19.5.0\
[        ] Found plugin flutter_local_notifications_windows at C:\Users\runneradmin\AppData\Local\Pub\Cache\hosted\pub.dev\flutter_local_notifications_windows-1.0.3\
[   +1 ms] Found plugin flutter_local_notifications_linux at C:\Users\runneradmin\AppData\Local\Pub\Cache\hosted\pub.dev\flutter_local_notifications_linux-6.0.0\
[   +1 ms] Found plugin flutter_document_picker at C:\Users\runneradmin\AppData\Local\Pub\Cache\git\flutter_document_picker-fc283629b2229ad99b8734f21dbdbc6be61e9933\
[   +2 ms] Found plugin flutter_archive at C:\Users\runneradmin\AppData\Local\Pub\Cache\hosted\pub.dev\flutter_archive-6.0.4\
[   +2 ms] Found plugin file_picker at C:\Users\runneradmin\AppData\Local\Pub\Cache\hosted\pub.dev\file_picker-10.3.8\
[        ] Found plugin flutter_plugin_android_lifecycle at C:\Users\runneradmin\AppData\Local\Pub\Cache\hosted\pub.dev\flutter_plugin_android_lifecycle-2.0.33\
[  +98 ms] Found plugin window_manager at C:\Users\runneradmin\AppData\Local\Pub\Cache\hosted\pub.dev\window_manager-0.5.1\
[   +1 ms] Found plugin screen_retriever at C:\Users\runneradmin\AppData\Local\Pub\Cache\hosted\pub.dev\screen_retriever-0.2.0\
[   +1 ms] Found plugin screen_retriever_windows at C:\Users\runneradmin\AppData\Local\Pub\Cache\hosted\pub.dev\screen_retriever_windows-0.2.0\
[   +2 ms] Found plugin screen_retriever_macos at C:\Users\runneradmin\AppData\Local\Pub\Cache\hosted\pub.dev\screen_retriever_macos-0.2.0\
[        ] Found plugin screen_retriever_linux at C:\Users\runneradmin\AppData\Local\Pub\Cache\hosted\pub.dev\screen_retriever_linux-0.2.0\
[   +1 ms] Found plugin url_launcher at C:\Users\runneradmin\AppData\Local\Pub\Cache\hosted\pub.dev\url_launcher-6.3.2\
[   +1 ms] Found plugin url_launcher_windows at C:\Users\runneradmin\AppData\Local\Pub\Cache\hosted\pub.dev\url_launcher_windows-3.1.5\
[   +1 ms] Found plugin url_launcher_web at C:\Users\runneradmin\AppData\Local\Pub\Cache\hosted\pub.dev\url_launcher_web-2.4.1\
[   +2 ms] Found plugin url_launcher_macos at C:\Users\runneradmin\AppData\Local\Pub\Cache\hosted\pub.dev\url_launcher_macos-3.2.5\
[   +1 ms] Found plugin url_launcher_linux at C:\Users\runneradmin\AppData\Local\Pub\Cache\hosted\pub.dev\url_launcher_linux-3.2.2\
[   +1 ms] Found plugin url_launcher_ios at C:\Users\runneradmin\AppData\Local\Pub\Cache\hosted\pub.dev\url_launcher_ios-6.3.6\
[   +1 ms] Found plugin url_launcher_android at C:\Users\runneradmin\AppData\Local\Pub\Cache\hosted\pub.dev\url_launcher_android-6.3.28\
[   +3 ms] Found plugin path_provider at C:\Users\runneradmin\AppData\Local\Pub\Cache\hosted\pub.dev\path_provider-2.1.5\
[   +1 ms] Found plugin path_provider_windows at C:\Users\runneradmin\AppData\Local\Pub\Cache\hosted\pub.dev\path_provider_windows-2.3.0\
[   +4 ms] Found plugin path_provider_linux at C:\Users\runneradmin\AppData\Local\Pub\Cache\hosted\pub.dev\path_provider_linux-2.2.1\
[   +1 ms] Found plugin path_provider_foundation at C:\Users\runneradmin\AppData\Local\Pub\Cache\hosted\pub.dev\path_provider_foundation-2.5.1\
[   +1 ms] Found plugin path_provider_android at C:\Users\runneradmin\AppData\Local\Pub\Cache\hosted\pub.dev\path_provider_android-2.2.22\
[   +6 ms] Found plugin super_native_extensions at C:\Users\runneradmin\AppData\Local\Pub\Cache\hosted\pub.dev\super_native_extensions-0.9.1\
[   +3 ms] Found plugin irondash_engine_context at C:\Users\runneradmin\AppData\Local\Pub\Cache\hosted\pub.dev\irondash_engine_context-0.5.5\
[   +1 ms] Found plugin device_info_plus at C:\Users\runneradmin\AppData\Local\Pub\Cache\hosted\pub.dev\device_info_plus-11.5.0\
[   +2 ms] Found plugin sqlite3_flutter_libs at C:\Users\runneradmin\AppData\Local\Pub\Cache\hosted\pub.dev\sqlite3_flutter_libs-0.5.40\
[   +2 ms] Found plugin sqflite at C:\Users\runneradmin\AppData\Local\Pub\Cache\hosted\pub.dev\sqflite-2.4.2\
[   +1 ms] Found plugin sqflite_darwin at C:\Users\runneradmin\AppData\Local\Pub\Cache\hosted\pub.dev\sqflite_darwin-2.4.2\
[        ] Found plugin sqflite_android at C:\Users\runneradmin\AppData\Local\Pub\Cache\hosted\pub.dev\sqflite_android-2.4.2+2\
[        ] Found plugin shared_preferences at C:\Users\runneradmin\AppData\Local\Pub\Cache\hosted\pub.dev\shared_preferences-2.5.4\
[        ] Found plugin shared_preferences_windows at C:\Users\runneradmin\AppData\Local\Pub\Cache\hosted\pub.dev\shared_preferences_windows-2.4.1\
[   +1 ms] Found plugin shared_preferences_web at C:\Users\runneradmin\AppData\Local\Pub\Cache\hosted\pub.dev\shared_preferences_web-2.4.3\
[        ] Found plugin shared_preferences_linux at C:\Users\runneradmin\AppData\Local\Pub\Cache\hosted\pub.dev\shared_preferences_linux-2.4.1\
[        ] Found plugin shared_preferences_foundation at C:\Users\runneradmin\AppData\Local\Pub\Cache\hosted\pub.dev\shared_preferences_foundation-2.5.6\
[        ] Found plugin shared_preferences_android at C:\Users\runneradmin\AppData\Local\Pub\Cache\hosted\pub.dev\shared_preferences_android-2.4.18\
[   +5 ms] Found plugin search_engine at C:\Users\runneradmin\AppData\Local\Pub\Cache\git\otzaria_search_engine-13920073a9e4a39469eb0e4cb93f50ec245cc69c\
[   +2 ms] Found plugin printing at C:\Users\runneradmin\AppData\Local\Pub\Cache\hosted\pub.dev\printing-5.14.2\
[  +10 ms] Found plugin pdfium_flutter at C:\Users\runneradmin\AppData\Local\Pub\Cache\hosted\pub.dev\pdfium_flutter-0.1.9\
[   +1 ms] Found plugin package_info_plus at C:\Users\runneradmin\AppData\Local\Pub\Cache\hosted\pub.dev\package_info_plus-9.0.0\
[   +5 ms] Found plugin isar_flutter_libs at C:\Users\runneradmin\AppData\Local\Pub\Cache\hosted\pub.dev\isar_flutter_libs-4.0.0-dev.14\
[   +6 ms] Found plugin webview_flutter_wkwebview at C:\Users\runneradmin\AppData\Local\Pub\Cache\hosted\pub.dev\webview_flutter_wkwebview-3.23.5\
[   +1 ms] Found plugin webview_flutter_android at C:\Users\runneradmin\AppData\Local\Pub\Cache\hosted\pub.dev\webview_flutter_android-4.10.11\
[        ] Found plugin webview_flutter at C:\Users\runneradmin\AppData\Local\Pub\Cache\hosted\pub.dev\webview_flutter-4.13.1\
[   +5 ms] Found plugin just_audio at C:\Users\runneradmin\AppData\Local\Pub\Cache\hosted\pub.dev\just_audio-0.10.5\
[        ] Found plugin just_audio_web at C:\Users\runneradmin\AppData\Local\Pub\Cache\hosted\pub.dev\just_audio_web-0.4.16\
[   +1 ms] Found plugin audio_session at C:\Users\runneradmin\AppData\Local\Pub\Cache\hosted\pub.dev\audio_session-0.2.2\
[   +1 ms] Found plugin video_player at C:\Users\runneradmin\AppData\Local\Pub\Cache\hosted\pub.dev\video_player-2.10.1\
[        ] Found plugin video_player_web at C:\Users\runneradmin\AppData\Local\Pub\Cache\hosted\pub.dev\video_player_web-2.4.0\
[   +1 ms] Found plugin video_player_avfoundation at C:\Users\runneradmin\AppData\Local\Pub\Cache\hosted\pub.dev\video_player_avfoundation-2.8.9\
[        ] Found plugin video_player_android at C:\Users\runneradmin\AppData\Local\Pub\Cache\hosted\pub.dev\video_player_android-2.9.1\
[   +1 ms] Found plugin wakelock_plus at C:\Users\runneradmin\AppData\Local\Pub\Cache\hosted\pub.dev\wakelock_plus-1.4.0\
[  +15 ms] Found plugin flutter_local_notifications at C:\Users\runneradmin\AppData\Local\Pub\Cache\hosted\pub.dev\flutter_local_notifications-19.5.0\
[        ] Found plugin flutter_local_notifications_windows at C:\Users\runneradmin\AppData\Local\Pub\Cache\hosted\pub.dev\flutter_local_notifications_windows-1.0.3\
[   +1 ms] Found plugin flutter_local_notifications_linux at C:\Users\runneradmin\AppData\Local\Pub\Cache\hosted\pub.dev\flutter_local_notifications_linux-6.0.0\
[   +1 ms] Found plugin flutter_document_picker at C:\Users\runneradmin\AppData\Local\Pub\Cache\git\flutter_document_picker-fc283629b2229ad99b8734f21dbdbc6be61e9933\
[   +2 ms] Found plugin flutter_archive at C:\Users\runneradmin\AppData\Local\Pub\Cache\hosted\pub.dev\flutter_archive-6.0.4\
[   +2 ms] Found plugin file_picker at C:\Users\runneradmin\AppData\Local\Pub\Cache\hosted\pub.dev\file_picker-10.3.8\
[        ] Found plugin flutter_plugin_android_lifecycle at C:\Users\runneradmin\AppData\Local\Pub\Cache\hosted\pub.dev\flutter_plugin_android_lifecycle-2.0.33\
[  +15 ms] Skipping generating web_plugin_registrant.dart because it is up-to-date.
[  +62 ms] Found plugin window_manager at C:\Users\runneradmin\AppData\Local\Pub\Cache\hosted\pub.dev\window_manager-0.5.1\
[        ] Found plugin screen_retriever at C:\Users\runneradmin\AppData\Local\Pub\Cache\hosted\pub.dev\screen_retriever-0.2.0\
[        ] Found plugin screen_retriever_windows at C:\Users\runneradmin\AppData\Local\Pub\Cache\hosted\pub.dev\screen_retriever_windows-0.2.0\
[   +2 ms] Found plugin screen_retriever_macos at C:\Users\runneradmin\AppData\Local\Pub\Cache\hosted\pub.dev\screen_retriever_macos-0.2.0\
[        ] Found plugin screen_retriever_linux at C:\Users\runneradmin\AppData\Local\Pub\Cache\hosted\pub.dev\screen_retriever_linux-0.2.0\
[        ] Found plugin url_launcher at C:\Users\runneradmin\AppData\Local\Pub\Cache\hosted\pub.dev\url_launcher-6.3.2\
[        ] Found plugin url_launcher_windows at C:\Users\runneradmin\AppData\Local\Pub\Cache\hosted\pub.dev\url_launcher_windows-3.1.5\
[   +1 ms] Found plugin url_launcher_web at C:\Users\runneradmin\AppData\Local\Pub\Cache\hosted\pub.dev\url_launcher_web-2.4.1\
[   +1 ms] Found plugin url_launcher_macos at C:\Users\runneradmin\AppData\Local\Pub\Cache\hosted\pub.dev\url_launcher_macos-3.2.5\
[        ] Found plugin url_launcher_linux at C:\Users\runneradmin\AppData\Local\Pub\Cache\hosted\pub.dev\url_launcher_linux-3.2.2\
[        ] Found plugin url_launcher_ios at C:\Users\runneradmin\AppData\Local\Pub\Cache\hosted\pub.dev\url_launcher_ios-6.3.6\
[        ] Found plugin url_launcher_android at C:\Users\runneradmin\AppData\Local\Pub\Cache\hosted\pub.dev\url_launcher_android-6.3.28\
[   +2 ms] Found plugin path_provider at C:\Users\runneradmin\AppData\Local\Pub\Cache\hosted\pub.dev\path_provider-2.1.5\
[        ] Found plugin path_provider_windows at C:\Users\runneradmin\AppData\Local\Pub\Cache\hosted\pub.dev\path_provider_windows-2.3.0\
[   +2 ms] Found plugin path_provider_linux at C:\Users\runneradmin\AppData\Local\Pub\Cache\hosted\pub.dev\path_provider_linux-2.2.1\
[   +1 ms] Found plugin path_provider_foundation at C:\Users\runneradmin\AppData\Local\Pub\Cache\hosted\pub.dev\path_provider_foundation-2.5.1\
[        ] Found plugin path_provider_android at C:\Users\runneradmin\AppData\Local\Pub\Cache\hosted\pub.dev\path_provider_android-2.2.22\
[   +5 ms] Found plugin super_native_extensions at C:\Users\runneradmin\AppData\Local\Pub\Cache\hosted\pub.dev\super_native_extensions-0.9.1\
[   +3 ms] Found plugin irondash_engine_context at C:\Users\runneradmin\AppData\Local\Pub\Cache\hosted\pub.dev\irondash_engine_context-0.5.5\
[   +1 ms] Found plugin device_info_plus at C:\Users\runneradmin\AppData\Local\Pub\Cache\hosted\pub.dev\device_info_plus-11.5.0\
[   +3 ms] Found plugin sqlite3_flutter_libs at C:\Users\runneradmin\AppData\Local\Pub\Cache\hosted\pub.dev\sqlite3_flutter_libs-0.5.40\
[   +2 ms] Found plugin sqflite at C:\Users\runneradmin\AppData\Local\Pub\Cache\hosted\pub.dev\sqflite-2.4.2\
[   +1 ms] Found plugin sqflite_darwin at C:\Users\runneradmin\AppData\Local\Pub\Cache\hosted\pub.dev\sqflite_darwin-2.4.2\
[        ] Found plugin sqflite_android at C:\Users\runneradmin\AppData\Local\Pub\Cache\hosted\pub.dev\sqflite_android-2.4.2+2\
[        ] Found plugin shared_preferences at C:\Users\runneradmin\AppData\Local\Pub\Cache\hosted\pub.dev\shared_preferences-2.5.4\
[   +1 ms] Found plugin shared_preferences_windows at C:\Users\runneradmin\AppData\Local\Pub\Cache\hosted\pub.dev\shared_preferences_windows-2.4.1\
[   +1 ms] Found plugin shared_preferences_web at C:\Users\runneradmin\AppData\Local\Pub\Cache\hosted\pub.dev\shared_preferences_web-2.4.3\
[        ] Found plugin shared_preferences_linux at C:\Users\runneradmin\AppData\Local\Pub\Cache\hosted\pub.dev\shared_preferences_linux-2.4.1\
[        ] Found plugin shared_preferences_foundation at C:\Users\runneradmin\AppData\Local\Pub\Cache\hosted\pub.dev\shared_preferences_foundation-2.5.6\
[        ] Found plugin shared_preferences_android at C:\Users\runneradmin\AppData\Local\Pub\Cache\hosted\pub.dev\shared_preferences_android-2.4.18\
[   +6 ms] Found plugin search_engine at C:\Users\runneradmin\AppData\Local\Pub\Cache\git\otzaria_search_engine-13920073a9e4a39469eb0e4cb93f50ec245cc69c\
[   +2 ms] Found plugin printing at C:\Users\runneradmin\AppData\Local\Pub\Cache\hosted\pub.dev\printing-5.14.2\
[   +7 ms] Found plugin pdfium_flutter at C:\Users\runneradmin\AppData\Local\Pub\Cache\hosted\pub.dev\pdfium_flutter-0.1.9\
[        ] Found plugin package_info_plus at C:\Users\runneradmin\AppData\Local\Pub\Cache\hosted\pub.dev\package_info_plus-9.0.0\
[   +4 ms] Found plugin isar_flutter_libs at C:\Users\runneradmin\AppData\Local\Pub\Cache\hosted\pub.dev\isar_flutter_libs-4.0.0-dev.14\
[   +5 ms] Found plugin webview_flutter_wkwebview at C:\Users\runneradmin\AppData\Local\Pub\Cache\hosted\pub.dev\webview_flutter_wkwebview-3.23.5\
[   +1 ms] Found plugin webview_flutter_android at C:\Users\runneradmin\AppData\Local\Pub\Cache\hosted\pub.dev\webview_flutter_android-4.10.11\
[        ] Found plugin webview_flutter at C:\Users\runneradmin\AppData\Local\Pub\Cache\hosted\pub.dev\webview_flutter-4.13.1\
[   +5 ms] Found plugin just_audio at C:\Users\runneradmin\AppData\Local\Pub\Cache\hosted\pub.dev\just_audio-0.10.5\
[        ] Found plugin just_audio_web at C:\Users\runneradmin\AppData\Local\Pub\Cache\hosted\pub.dev\just_audio_web-0.4.16\
[   +1 ms] Found plugin audio_session at C:\Users\runneradmin\AppData\Local\Pub\Cache\hosted\pub.dev\audio_session-0.2.2\
[   +1 ms] Found plugin video_player at C:\Users\runneradmin\AppData\Local\Pub\Cache\hosted\pub.dev\video_player-2.10.1\
[        ] Found plugin video_player_web at C:\Users\runneradmin\AppData\Local\Pub\Cache\hosted\pub.dev\video_player_web-2.4.0\
[   +1 ms] Found plugin video_player_avfoundation at C:\Users\runneradmin\AppData\Local\Pub\Cache\hosted\pub.dev\video_player_avfoundation-2.8.9\
[        ] Found plugin video_player_android at C:\Users\runneradmin\AppData\Local\Pub\Cache\hosted\pub.dev\video_player_android-2.9.1\
[   +1 ms] Found plugin wakelock_plus at C:\Users\runneradmin\AppData\Local\Pub\Cache\hosted\pub.dev\wakelock_plus-1.4.0\
[  +13 ms] Found plugin flutter_local_notifications at C:\Users\runneradmin\AppData\Local\Pub\Cache\hosted\pub.dev\flutter_local_notifications-19.5.0\
[        ] Found plugin flutter_local_notifications_windows at C:\Users\runneradmin\AppData\Local\Pub\Cache\hosted\pub.dev\flutter_local_notifications_windows-1.0.3\
[   +1 ms] Found plugin flutter_local_notifications_linux at C:\Users\runneradmin\AppData\Local\Pub\Cache\hosted\pub.dev\flutter_local_notifications_linux-6.0.0\
[   +1 ms] Found plugin flutter_document_picker at C:\Users\runneradmin\AppData\Local\Pub\Cache\git\flutter_document_picker-fc283629b2229ad99b8734f21dbdbc6be61e9933\
[   +1 ms] Found plugin flutter_archive at C:\Users\runneradmin\AppData\Local\Pub\Cache\hosted\pub.dev\flutter_archive-6.0.4\
[   +1 ms] Found plugin file_picker at C:\Users\runneradmin\AppData\Local\Pub\Cache\hosted\pub.dev\file_picker-10.3.8\
[        ] Found plugin flutter_plugin_android_lifecycle at C:\Users\runneradmin\AppData\Local\Pub\Cache\hosted\pub.dev\flutter_plugin_android_lifecycle-2.0.33\
[   +8 ms] Generating D:\a\otzaria\otzaria\android\app\src\main\java\io\flutter\plugins\GeneratedPluginRegistrant.java
[   +2 ms] Skipping generating GeneratedPluginRegistrant.java because it is up-to-date.
[   +5 ms] Skipping generating generated_plugin_registrant.h because it is up-to-date.
[   +1 ms] Skipping generating generated_plugin_registrant.cc because it is up-to-date.
[   +1 ms] Skipping generating generated_plugins.cmake because it is up-to-date.
[   +2 ms] Skipping generating generated_plugin_registrant.h because it is up-to-date.
[   +1 ms] Skipping generating generated_plugin_registrant.cc because it is up-to-date.
[   +1 ms] Skipping generating generated_plugins.cmake because it is up-to-date.
[   +2 ms] Skipping generating GeneratedPluginRegistrant.h because it is up-to-date.
[   +1 ms] Skipping generating GeneratedPluginRegistrant.m because it is up-to-date.
[   +1 ms] Skipping generating GeneratedPluginRegistrant.swift because it is up-to-date.
[  +40 ms] executing: C:\Program Files (x86)\Microsoft Visual Studio\Installer\vswhere.exe -format json -products * -utf8 -latest -version 16 -requires Microsoft.VisualStudio.Workload.NativeDesktop Microsoft.VisualStudio.Component.VC.Tools.x86.x64 Microsoft.VisualStudio.Component.VC.CMake.Project
[+1302 ms] Exit code 0 from: C:\Program Files (x86)\Microsoft Visual Studio\Installer\vswhere.exe -format json -products * -utf8 -latest -version 16 -requires Microsoft.VisualStudio.Workload.NativeDesktop Microsoft.VisualStudio.Component.VC.Tools.x86.x64 Microsoft.VisualStudio.Component.VC.CMake.Project
[        ] [
             {
               "instanceId": "6c8c36ad",
               "installDate": "2026-01-12T17:57:44Z",
               "installationName": "VisualStudio/17.14.23+36811.4",
               "installationPath": "C:\\Program Files\\Microsoft Visual Studio\\2022\\Enterprise",
               "installationVersion": "17.14.36811.4",
               "productId": "Microsoft.VisualStudio.Product.Enterprise",
               "productPath": "C:\\Program Files\\Microsoft Visual Studio\\2022\\Enterprise\\Common7\\IDE\\devenv.exe",
               "state": 4294967295,
               "isComplete": true,
               "isLaunchable": true,
               "isPrerelease": false,
               "isRebootRequired": false,
               "displayName": "Visual Studio Enterprise 2022",
               "description": "Scalable, end-to-end solution for teams of any size",
               "channelId": "VisualStudio.17.Release",
               "channelUri": "https://aka.ms/vs/17/release/channel",
               "enginePath": "C:\\Program Files (x86)\\Microsoft Visual Studio\\Installer\\resources\\app\\ServiceHub\\Services\\Microsoft.VisualStudio.Setup.Service",
               "installChannelUri": "https://aka.ms/vs/17/release//channel",
               "installedChannelId": "VisualStudio.17.Release",
               "installedChannelUri": "https://aka.ms/vs/17/release/channel",
               "releaseNotes": "https://docs.microsoft.com/en-us/visualstudio/releases/2022/release-notes-v17.14#17.14.23",
               "resolvedInstallationPath": "C:\\Program Files\\Microsoft Visual Studio\\2022\\Enterprise",
               "thirdPartyNotices": "https://go.microsoft.com/fwlink/?LinkId=661288",
               "updateDate": "2026-01-12T17:57:44.1745572Z",
               "catalog": {
                 "buildBranch": "d17.14",
                 "buildVersion": "17.14.36811.4",
                 "id": "VisualStudio/17.14.23+36811.4",
                 "localBuild": "build-lab",
                 "manifestName": "VisualStudio",
                 "manifestType": "installer",
                 "productDisplayVersion": "17.14.23",
                 "productLine": "Dev17",
                 "productLineVersion": "2022",
                 "productMilestone": "RTW",
                 "productMilestoneIsPreRelease": "False",
                 "productName": "Visual Studio",
                 "productPatchVersion": "23",
                 "productPreReleaseMilestoneSuffix": "1.0",
                 "productSemanticVersion": "17.14.23+36811.4",
                 "requiredEngineVersion": "3.14.2086.54749"
               },
               "properties": {
                 "appLocalWPF": "false",
                 "campaignId": "",
                 "channelManifestId": "VisualStudio.17.Release/17.14.23+36811.4",
                 "includeRecommended": "1",
                 "nickname": "",
                 "setupEngineFilePath": "C:\\Program Files (x86)\\Microsoft Visual Studio\\Installer\\setup.exe"
               }
             }
           ]
[  +28 ms] Building Windows application...
[   +3 ms] executing: C:\Program Files\Microsoft Visual Studio\2022\Enterprise\Common7\IDE\CommonExtensions\Microsoft\CMake\CMake\bin\cmake.exe -S D:\a\otzaria\otzaria\windows -B D:\a\otzaria\otzaria\build\windows\x64 -G Visual Studio 17 2022 -A x64 -DFLUTTER_TARGET_PLATFORM=windows-x64
[+2781 ms] -- Selecting Windows SDK version 10.0.26100.0 to target Windows 10.0.20348.
[+27559 ms] -- The CXX compiler identification is MSVC 19.44.35222.0
[ +373 ms] -- Detecting CXX compiler ABI info
[+1986 ms] -- Detecting CXX compiler ABI info - done
[  +14 ms] -- Check for working CXX compiler: C:/Program Files/Microsoft Visual Studio/2022/Enterprise/VC/Tools/MSVC/14.44.35207/bin/Hostx64/x64/cl.exe - skipped
[   +1 ms] -- Detecting CXX compile features
[   +1 ms] -- Detecting CXX compile features - done
[  +51 ms] -- Downloading/updating pdfium
[  +34 ms] -- Selecting Windows SDK version 10.0.26100.0 to target Windows 10.0.20348.
[ +488 ms] -- Configuring done (0.5s)
[  +21 ms] -- Generating done (0.0s)
[        ] -- Build files have been written to: D:/a/otzaria/otzaria/build/windows/x64/pdfium-download
[ +154 ms] MSBuild version 17.14.23+b0019275e for .NET Framework
[ +508 ms]   1>Checking Build System
[ +190 ms]   Creating directories for 'pdfium-download'
[  +37 ms]   Building Custom Rule D:/a/otzaria/otzaria/build/windows/x64/pdfium-download/CMakeLists.txt
[  +21 ms]   Performing download step (download, verify and extract) for 'pdfium-download'
[  +16 ms]   -- Downloading...
[        ]      dst='D:/a/otzaria/otzaria/build/windows/x64/pdfium-download/pdfium-download-prefix/src/pdfium-win-x64.tgz'
[        ]      timeout='none'
[        ]      inactivity timeout='none'
[        ]   -- Using src='https://github.com/bblanchon/pdfium-binaries/releases/download/chromium/5200/pdfium-win-x64.tgz'
[ +487 ms]   -- [download 0% complete]
[        ]   -- [download 1% complete]
[   +4 ms]   -- [download 2% complete]
[   +1 ms]   -- [download 3% complete]
[   +1 ms]   -- [download 4% complete]
[   +2 ms]   -- [download 5% complete]
[        ]   -- [download 6% complete]
[   +1 ms]   -- [download 7% complete]
[   +1 ms]   -- [download 8% complete]
[        ]   -- [download 9% complete]
[        ]   -- [download 10% complete]
[        ]   -- [download 11% complete]
[   +2 ms]   -- [download 12% complete]
[        ]   -- [download 13% complete]
[        ]   -- [download 14% complete]
[        ]   -- [download 15% complete]
[   +1 ms]   -- [download 16% complete]
[        ]   -- [download 17% complete]
[        ]   -- [download 18% complete]
[        ]   -- [download 19% complete]
[        ]   -- [download 20% complete]
[        ]   -- [download 21% complete]
[        ]   -- [download 22% complete]
[        ]   -- [download 23% complete]
[        ]   -- [download 24% complete]
[        ]   -- [download 25% complete]
[        ]   -- [download 26% complete]
[        ]   -- [download 27% complete]
[        ]   -- [download 28% complete]
[        ]   -- [download 29% complete]
[        ]   -- [download 30% complete]
[   +1 ms]   -- [download 31% complete]
[        ]   -- [download 32% complete]
[        ]   -- [download 33% complete]
[        ]   -- [download 34% complete]
[        ]   -- [download 35% complete]
[        ]   -- [download 36% complete]
[        ]   -- [download 37% complete]
[        ]   -- [download 38% complete]
[        ]   -- [download 39% complete]
[        ]   -- [download 40% complete]
[        ]   -- [download 41% complete]
[        ]   -- [download 42% complete]
[        ]   -- [download 43% complete]
[        ]   -- [download 44% complete]
[        ]   -- [download 45% complete]
[        ]   -- [download 46% complete]
[        ]   -- [download 47% complete]
[        ]   -- [download 48% complete]
[        ]   -- [download 49% complete]
[   +1 ms]   -- [download 50% complete]
[        ]   -- [download 51% complete]
[        ]   -- [download 52% complete]
[        ]   -- [download 53% complete]
[        ]   -- [download 54% complete]
[        ]   -- [download 55% complete]
[        ]   -- [download 56% complete]
[        ]   -- [download 57% complete]
[        ]   -- [download 58% complete]
[        ]   -- [download 59% complete]
[        ]   -- [download 60% complete]
[        ]   -- [download 61% complete]
[        ]   -- [download 62% complete]
[        ]   -- [download 63% complete]
[        ]   -- [download 64% complete]
[        ]   -- [download 65% complete]
[        ]   -- [download 66% complete]
[        ]   -- [download 67% complete]
[        ]   -- [download 68% complete]
[        ]   -- [download 69% complete]
[        ]   -- [download 70% complete]
[        ]   -- [download 71% complete]
[        ]   -- [download 72% complete]
[        ]   -- [download 73% complete]
[        ]   -- [download 74% complete]
[        ]   -- [download 75% complete]
[        ]   -- [download 76% complete]
[        ]   -- [download 77% complete]
[        ]   -- [download 78% complete]
[        ]   -- [download 79% complete]
[        ]   -- [download 80% complete]
[        ]   -- [download 81% complete]
[        ]   -- [download 82% complete]
[        ]   -- [download 83% complete]
[        ]   -- [download 84% complete]
[        ]   -- [download 85% complete]
[        ]   -- [download 86% complete]
[        ]   -- [download 87% complete]
[        ]   -- [download 88% complete]
[        ]   -- [download 89% complete]
[        ]   -- [download 90% complete]
[        ]   -- [download 91% complete]
[        ]   -- [download 92% complete]
[        ]   -- [download 93% complete]
[        ]   -- [download 94% complete]
[        ]   -- [download 95% complete]
[        ]   -- [download 96% complete]
[        ]   -- [download 97% complete]
[        ]   -- [download 98% complete]
[        ]   -- [download 99% complete]
[        ]   -- [download 100% complete]
[        ]   -- Downloading... done
[  +36 ms]   -- extracting...
[        ]        src='D:/a/otzaria/otzaria/build/windows/x64/pdfium-download/pdfium-download-prefix/src/pdfium-win-x64.tgz'
[        ]        dst='D:/a/otzaria/otzaria/build/windows/x64/pdfium-src'
[        ]   -- extracting... [tar xfz]
[ +373 ms]   -- extracting... [analysis]
[        ]   -- extracting... [rename]
[        ]   -- extracting... [clean up]
[        ]   -- extracting... done
[  +23 ms]   No update step for 'pdfium-download'
[  +35 ms]   No patch step for 'pdfium-download'
[  +37 ms]   No configure step for 'pdfium-download'
[  +37 ms]   No build step for 'pdfium-download'
[  +37 ms]   No install step for 'pdfium-download'
[  +36 ms]   No test step for 'pdfium-download'
[  +36 ms]   Completed 'pdfium-download'
[  +99 ms]   Building Custom Rule D:/a/otzaria/otzaria/build/windows/x64/pdfium-download/CMakeLists.txt
[ +319 ms] -- Found PDFium: D:/a/otzaria/otzaria/build/windows/x64/pdfium-src/bin/pdfium.dll (found version "106.0.5200.0")
[+1627 ms] -- The C compiler identification is MSVC 19.44.35222.0
[  +39 ms] -- Detecting C compiler ABI info
[ +713 ms] -- Detecting C compiler ABI info - done
[  +15 ms] -- Check for working C compiler: C:/Program Files/Microsoft Visual Studio/2022/Enterprise/VC/Tools/MSVC/14.44.35207/bin/Hostx64/x64/cl.exe - skipped
[        ] -- Detecting C compile features
[        ] -- Detecting C compile features - done
[+2519 ms] -- Target Windows CPU Name: x64
[        ] -- Download precompiled PDFium...
[+1349 ms] -- Configuring done (40.2s)
[ +214 ms] -- Generating done (0.2s)
[        ] -- Build files have been written to: D:/a/otzaria/otzaria/build/windows/x64
[  +15 ms] executing: C:\Program Files\Microsoft Visual Studio\2022\Enterprise\Common7\IDE\CommonExtensions\Microsoft\CMake\CMake\bin\cmake.exe --build D:\a\otzaria\otzaria\build\windows\x64 --config Release --target INSTALL --verbose
[  +55 ms] Change Dir: 'D:/a/otzaria/otzaria/build/windows/x64'
[        ] Run Build Command(s): "C:/Program Files/Microsoft Visual Studio/2022/Enterprise/MSBuild/Current/Bin/amd64/MSBuild.exe" INSTALL.vcxproj /p:Configuration=Release /p:Platform=x64 /p:VisualStudioVersion=17.0 /v:n
[  +61 ms] MSBuild version 17.14.23+b0019275e for .NET Framework
[  +28 ms] Build started 1/21/2026 6:47:12 PM.
[ +188 ms] Project "D:\a\otzaria\otzaria\build\windows\x64\INSTALL.vcxproj" on node 1 (default targets).
[        ] Project "D:\a\otzaria\otzaria\build\windows\x64\INSTALL.vcxproj" (1) is building "D:\a\otzaria\otzaria\build\windows\x64\ZERO_CHECK.vcxproj" (2) on node 1 (default targets).
[        ] PrepareForBuild:
[        ]   Creating directory "x64\Release\ZERO_CHECK\".
[   +4 ms]   Structured output is enabled. The formatting of compiler diagnostics will reflect the error hierarchy. See https://aka.ms/cpp/structured-output for more details.
[        ]   Creating directory "x64\Release\ZERO_CHECK\ZERO_CHECK.tlog\".
[   +2 ms] InitializeBuildStatus:
[        ]   Creating "x64\Release\ZERO_CHECK\ZERO_CHECK.tlog\unsuccessfulbuild" because "AlwaysCreate" was specified.
[        ]   Touching "x64\Release\ZERO_CHECK\ZERO_CHECK.tlog\unsuccessfulbuild".
[  +84 ms] CustomBuild:
[        ]   1>Checking Build System
[  +64 ms] FinalizeBuildStatus:
[        ]   Deleting file "x64\Release\ZERO_CHECK\ZERO_CHECK.tlog\unsuccessfulbuild".
[        ]   Touching "x64\Release\ZERO_CHECK\ZERO_CHECK.tlog\ZERO_CHECK.lastbuildstate".
[   +1 ms] Done Building Project "D:\a\otzaria\otzaria\build\windows\x64\ZERO_CHECK.vcxproj" (default targets).
[  +65 ms] Project "D:\a\otzaria\otzaria\build\windows\x64\INSTALL.vcxproj" (1) is building "D:\a\otzaria\otzaria\build\windows\x64\ALL_BUILD.vcxproj" (3) on node 1 (default targets).
[        ] Project "D:\a\otzaria\otzaria\build\windows\x64\ALL_BUILD.vcxproj" (3) is building "D:\a\otzaria\otzaria\build\windows\x64\plugins\search_engine\search_engine_cargokit.vcxproj" (4) on node 1 (default targets).
[        ] PrepareForBuild:
[        ]   Creating directory "x64\Release\search_engine_cargokit\".
[   +1 ms]   Structured output is enabled. The formatting of compiler diagnostics will reflect the error hierarchy. See https://aka.ms/cpp/structured-output for more details.
[        ]   Creating directory "x64\Release\search_engine_cargokit\search_e.9F2E9BF4.tlog\".
[   +1 ms] InitializeBuildStatus:
[        ]   Creating "x64\Release\search_engine_cargokit\search_e.9F2E9BF4.tlog\unsuccessfulbuild" because "AlwaysCreate" was specified.
[        ]   Touching "x64\Release\search_engine_cargokit\search_e.9F2E9BF4.tlog\unsuccessfulbuild".
[        ] ComputeCustomBuildOutput:
[        ]   Creating directory "D:\a\otzaria\otzaria\build\windows\x64\plugins\search_engine\Release\".
[        ] CustomBuild:
[        ]   "The build of 'D:\a\otzaria\otzaria\build\windows\x64\CMakeFiles\3730a68b934e8c7e9dfe51263f4fd5b9\search_engine_cargokit.rule' depends on 'D:\A\OTZARIA\OTZARIA\BUILD\WINDOWS\X64\PLUGINS\SEARCH_ENGINE\RELEASE\SEARCH_ENGINE.DLL' which is produced by the build of 'D:\a\otzaria\otzaria\build\windows\x64\CMakeFiles\65c80f60a548522a127775183516a990\search_engine.dll.rule'. The items cannot be built in parallel."
[  +26 ms]   Generating Release/search_engine.dll, _phony_
[  +29 ms]   The system cannot find the path specified.
[        ]   The system cannot find the path specified.
[        ]   The system cannot find the file specified.
[ +195 ms]   The system cannot find the file specified.
[        ]   Running pub get in "D:\a\otzaria\otzaria\build\windows\x64\plugins\search_engine\cargokit_build\tool"
[ +132 ms]   Resolving dependencies...
[ +569 ms]   Downloading packages...
[+1559 ms]   + adaptive_number 1.0.0
[        ]   + args 2.4.2 (2.7.0 available)
[        ]   + async 2.13.0
[        ]   + build_tool 1.0.0 from path C:/Users/runneradmin/AppData/Local/Pub/Cache/git/otzaria_search_engine-13920073a9e4a39469eb0e4cb93f50ec245cc69c/cargokit/build_tool
[        ]   + collection 1.18.0 (1.19.1 available)
[        ]   + convert 3.1.1 (3.1.2 available)
[        ]   + crypto 3.0.3 (3.0.7 available)
[        ]   + ed25519_edwards 0.3.1
[        ]   + fixnum 1.1.1
[        ]   + github 9.17.0 (9.25.0 available)
[        ]   + hex 0.2.0
[        ]   + http 1.1.0 (1.6.0 available)
[        ]   + http_parser 4.0.2 (4.1.2 available)
[        ]   + json_annotation 4.9.0
[        ]   + logging 1.2.0 (1.3.0 available)
[        ]   + meta 1.18.0
[        ]   + path 1.8.0 (1.9.1 available)
[        ]   + petitparser 5.4.0 (7.0.1 available)
[        ]   + source_span 1.10.0 (1.10.1 available)
[        ]   + string_scanner 1.4.1
[        ]   + term_glyph 1.2.2
[        ]   + toml 0.14.0 (0.18.0 available)
[        ]   + typed_data 1.4.0
[        ]   + version 3.0.0 (3.0.2 available)
[        ]   + yaml 3.1.2 (3.1.3 available)
[        ]   Changed 25 dependencies!
[        ]   14 packages have newer versions incompatible with dependency constraints.
[        ]   Try `dart pub outdated` for more information.
[ +130 ms]   Compiling bin/build_tool_runner.dart to kernel file bin/build_tool_runner.dill.
[+1305 ms]   INFO: Precompiled binaries are disabled
[+2467 ms]   INFO: Building search_engine for x86_64-pc-windows-msvc
[+242353 ms]   Building Custom Rule D:/a/otzaria/otzaria/windows/flutter/ephemeral/.plugin_symlinks/search_engine/windows/CMakeLists.txt
[  +38 ms] FinalizeBuildStatus:
[        ]   Deleting file "x64\Release\search_engine_cargokit\search_e.9F2E9BF4.tlog\unsuccessfulbuild".
[        ]   Touching "x64\Release\search_engine_cargokit\search_e.9F2E9BF4.tlog\search_engine_cargokit.lastbuildstate".
[   +1 ms] Done Building Project "D:\a\otzaria\otzaria\build\windows\x64\plugins\search_engine\search_engine_cargokit.vcxproj" (default targets).
[  +31 ms] Project "D:\a\otzaria\otzaria\build\windows\x64\ALL_BUILD.vcxproj" (3) is building "D:\a\otzaria\otzaria\build\windows\x64\plugins\flutter_local_notifications_windows\shared\flutter_local_notifications_windows.vcxproj" (5) on node 1 (default targets).
[        ] PrepareForBuild:
[        ]   Creating directory "flutter_local_notifications_windows.dir\Release\".
[   +1 ms]   Structured output is enabled. The formatting of compiler diagnostics will reflect the error hierarchy. See https://aka.ms/cpp/structured-output for more details.
[        ]   Creating directory "D:\a\otzaria\otzaria\build\windows\x64\plugins\flutter_local_notifications_windows\shared\Release\".
[        ]   Creating directory "flutter_local_notifications_windows.dir\Release\flutter_.857C336B.tlog\".
[   +1 ms] InitializeBuildStatus:
[        ]   Creating "flutter_local_notifications_windows.dir\Release\flutter_.857C336B.tlog\unsuccessfulbuild" because "AlwaysCreate" was specified.
[        ]   Touching "flutter_local_notifications_windows.dir\Release\flutter_.857C336B.tlog\unsuccessfulbuild".
[  +26 ms] CustomBuild:
[        ]   Building Custom Rule D:/a/otzaria/otzaria/windows/flutter/ephemeral/.plugin_symlinks/flutter_local_notifications_windows/src/CMakeLists.txt
[  +77 ms] ClCompile:
[        ]   C:\Program Files\Microsoft Visual Studio\2022\Enterprise\VC\Tools\MSVC\14.44.35207\bin\HostX64\x64\CL.exe /c /nologo /W3 /WX- /diagnostics:column /O2 /Ob2 /D _WINDLL /D _UNICODE /D UNICODE /D WIN32 /D _WINDOWS /D NDEBUG /D DART_SHARED_LIB /D UNICODE /D _UNICODE /D "CMAKE_INTDIR=\"Release\"" /D flutter_local_notifications_windows_EXPORTS /EHsc /MD /GS /fp:precise /Zc:wchar_t /Zc:forScope /Zc:inline /GR /std:c++17 /Fo"flutter_local_notifications_windows.dir\Release\\" /Fd"flutter_local_notifications_windows.dir\Release\vc143.pdb" /external:W3 /Gd /TP /errorReport:queue D:\a\otzaria\otzaria\windows\flutter\ephemeral\.plugin_symlinks\flutter_local_notifications_windows\src\ffi_api.cpp D:\a\otzaria\otzaria\windows\flutter\ephemeral\.plugin_symlinks\flutter_local_notifications_windows\src\plugin.cpp D:\a\otzaria\otzaria\windows\flutter\ephemeral\.plugin_symlinks\flutter_local_notifications_windows\src\utils.cpp
[  +39 ms]   ffi_api.cpp
[+11445 ms]   plugin.cpp
[+3328 ms]   utils.cpp
[+2359 ms]   Generating Code...
[+1147 ms] Link:
[        ]   C:\Program Files\Microsoft Visual Studio\2022\Enterprise\VC\Tools\MSVC\14.44.35207\bin\HostX64\x64\link.exe /ERRORREPORT:QUEUE /OUT:"D:\a\otzaria\otzaria\build\windows\x64\plugins\flutter_local_notifications_windows\shared\Release\flutter_local_notifications_windows.dll" /INCREMENTAL:NO /NOLOGO runtimeobject.lib kernel32.lib user32.lib gdi32.lib winspool.lib shell32.lib ole32.lib oleaut32.lib uuid.lib comdlg32.lib advapi32.lib /MANIFEST /MANIFESTUAC:"level='asInvoker' uiAccess='false'" /manifest:embed /PDB:"D:/a/otzaria/otzaria/build/windows/x64/plugins/flutter_local_notifications_windows/shared/Release/flutter_local_notifications_windows.pdb" /SUBSYSTEM:CONSOLE /TLBID:1 /DYNAMICBASE /NXCOMPAT /IMPLIB:"D:/a/otzaria/otzaria/build/windows/x64/plugins/flutter_local_notifications_windows/shared/Release/flutter_local_notifications_windows.lib" /MACHINE:X64  /machine:x64 /DLL flutter_local_notifications_windows.dir\Release\ffi_api.obj
[        ]   flutter_local_notifications_windows.dir\Release\plugin.obj
[        ]   flutter_local_notifications_windows.dir\Release\utils.obj
[+1042 ms]      Creating library D:/a/otzaria/otzaria/build/windows/x64/plugins/flutter_local_notifications_windows/shared/Release/flutter_local_notifications_windows.lib and object D:/a/otzaria/otzaria/build/windows/x64/plugins/flutter_local_notifications_windows/shared/Release/flutter_local_notifications_windows.exp
[  +75 ms]   flutter_local_notifications_windows.vcxproj -> D:\a\otzaria\otzaria\build\windows\x64\plugins\flutter_local_notifications_windows\shared\Release\flutter_local_notifications_windows.dll
[  +11 ms] FinalizeBuildStatus:
[        ]   Deleting file "flutter_local_notifications_windows.dir\Release\flutter_.857C336B.tlog\unsuccessfulbuild".
[        ]   Touching "flutter_local_notifications_windows.dir\Release\flutter_.857C336B.tlog\flutter_local_notifications_windows.lastbuildstate".
[        ] Done Building Project "D:\a\otzaria\otzaria\build\windows\x64\plugins\flutter_local_notifications_windows\shared\flutter_local_notifications_windows.vcxproj" (default targets).
[  +44 ms] Project "D:\a\otzaria\otzaria\build\windows\x64\ALL_BUILD.vcxproj" (3) is building "D:\a\otzaria\otzaria\build\windows\x64\flutter\flutter_wrapper_app.vcxproj" (6) on node 1 (default targets).
[        ] Project "D:\a\otzaria\otzaria\build\windows\x64\flutter\flutter_wrapper_app.vcxproj" (6) is building "D:\a\otzaria\otzaria\build\windows\x64\flutter\flutter_assemble.vcxproj" (7) on node 1 (default targets).
[        ] PrepareForBuild:
[        ]   Creating directory "x64\Release\flutter_assemble\".
[   +1 ms]   Structured output is enabled. The formatting of compiler diagnostics will reflect the error hierarchy. See https://aka.ms/cpp/structured-output for more details.
[        ]   Creating directory "x64\Release\flutter_assemble\flutter_assemble.tlog\".
[   +1 ms] InitializeBuildStatus:
[        ]   Creating "x64\Release\flutter_assemble\flutter_assemble.tlog\unsuccessfulbuild" because "AlwaysCreate" was specified.
[        ]   Touching "x64\Release\flutter_assemble\flutter_assemble.tlog\unsuccessfulbuild".
[        ] ComputeCustomBuildOutput:
[        ]   Creating directory "D:\a\otzaria\otzaria\windows\flutter\ephemeral\cpp_client_wrapper\".
[   +1 ms] CustomBuild:
[        ]   "The build of 'D:\a\otzaria\otzaria\build\windows\x64\CMakeFiles\d94be97e2900ae763f7f2d0d37f01d7d\flutter_assemble.rule' depends on 'D:\A\OTZARIA\OTZARIA\WINDOWS\FLUTTER\EPHEMERAL\FLUTTER_WINDOWS.DLL' which is produced by the build of 'D:\a\otzaria\otzaria\build\windows\x64\CMakeFiles\c7904100b64675fbc70765d0066c2226\flutter_windows.dll.rule'. The items cannot be built in parallel."
[  +26 ms]   Generating D:/a/otzaria/otzaria/windows/flutter/ephemeral/flutter_windows.dll, D:/a/otzaria/otzaria/windows/flutter/ephemeral/flutter_export.h, D:/a/otzaria/otzaria/windows/flutter/ephemeral/flutter_windows.h, D:/a/otzaria/otzaria/windows/flutter/ephemeral/flutter_messenger.h, D:/a/otzaria/otzaria/windows/flutter/ephemeral/flutter_plugin_registrar.h, D:/a/otzaria/otzaria/windows/flutter/ephemeral/flutter_texture_registrar.h, D:/a/otzaria/otzaria/windows/flutter/ephemeral/cpp_client_wrapper/core_implementations.cc, D:/a/otzaria/otzaria/windows/flutter/ephemeral/cpp_client_wrapper/standard_codec.cc, D:/a/otzaria/otzaria/windows/flutter/ephemeral/cpp_client_wrapper/plugin_registrar.cc, D:/a/otzaria/otzaria/windows/flutter/ephemeral/cpp_client_wrapper/flutter_engine.cc, D:/a/otzaria/otzaria/windows/flutter/ephemeral/cpp_client_wrapper/flutter_view_controller.cc, _phony_
[+1833 ms]   [  +30 ms] Artifact Instance of 'MaterialFonts' is not required, skipping update.
[        ]   [   +6 ms] Artifact Instance of 'GradleWrapper' is not required, skipping update.
[        ]   [        ] Artifact Instance of 'AndroidGenSnapshotArtifacts' is not required, skipping update.
[        ]   [        ] Artifact Instance of 'AndroidInternalBuildArtifacts' is not required, skipping update.
[        ]   [        ] Artifact Instance of 'IOSEngineArtifacts' is not required, skipping update.
[        ]   [        ] Artifact Instance of 'FlutterWebSdk' is not required, skipping update.
[        ]   [   +1 ms] Artifact Instance of 'LegacyCanvasKitRemover' is not required, skipping update.
[        ]   [        ] Artifact Instance of 'FlutterSdk' is not required, skipping update.
[        ]   [        ] Artifact Instance of 'WindowsEngineArtifacts' is not required, skipping update.
[        ]   [        ] Artifact Instance of 'MacOSEngineArtifacts' is not required, skipping update.
[        ]   [        ] Artifact Instance of 'LinuxEngineArtifacts' is not required, skipping update.
[        ]   [        ] Artifact Instance of 'LinuxFuchsiaSDKArtifacts' is not required, skipping update.
[        ]   [        ] Artifact Instance of 'MacOSFuchsiaSDKArtifacts' is not required, skipping update.
[        ]   [        ] Artifact Instance of 'FlutterRunnerSDKArtifacts' is not required, skipping update.
[        ]   [        ] Artifact Instance of 'FlutterRunnerDebugSymbols' is not required, skipping update.
[        ]   [        ] Artifact Instance of 'IosUsbArtifacts' is not required, skipping update.
[        ]   [        ] Artifact Instance of 'IosUsbArtifacts' is not required, skipping update.
[        ]   [        ] Artifact Instance of 'IosUsbArtifacts' is not required, skipping update.
[        ]   [        ] Artifact Instance of 'IosUsbArtifacts' is not required, skipping update.
[        ]   [        ] Artifact Instance of 'IosUsbArtifacts' is not required, skipping update.
[        ]   [   +4 ms] Artifact Instance of 'IosUsbArtifacts' is not required, skipping update.
[        ]   [        ] Artifact Instance of 'FontSubsetArtifacts' is not required, skipping update.
[        ]   [        ] Artifact Instance of 'PubDependencies' is not required, skipping update.
[  +11 ms]   [  +12 ms] Artifact Instance of 'AndroidGenSnapshotArtifacts' is not required, skipping update.
[        ]   [        ] Artifact Instance of 'AndroidInternalBuildArtifacts' is not required, skipping update.
[        ]   [        ] Artifact Instance of 'IOSEngineArtifacts' is not required, skipping update.
[        ]   [        ] Artifact Instance of 'FlutterWebSdk' is not required, skipping update.
[        ]   [        ] Artifact Instance of 'FlutterEngineStamp' is not required, skipping update.
[        ]   [        ] Artifact Instance of 'LegacyCanvasKitRemover' is not required, skipping update.
[   +1 ms]   [   +2 ms] Artifact Instance of 'WindowsEngineArtifacts' is not required, skipping update.
[        ]   [        ] Artifact Instance of 'MacOSEngineArtifacts' is not required, skipping update.
[        ]   [        ] Artifact Instance of 'LinuxEngineArtifacts' is not required, skipping update.
[        ]   [        ] Artifact Instance of 'LinuxFuchsiaSDKArtifacts' is not required, skipping update.
[        ]   [        ] Artifact Instance of 'MacOSFuchsiaSDKArtifacts' is not required, skipping update.
[        ]   [        ] Artifact Instance of 'FlutterRunnerSDKArtifacts' is not required, skipping update.
[        ]   [        ] Artifact Instance of 'FlutterRunnerDebugSymbols' is not required, skipping update.
[  +75 ms]   [  +75 ms] Artifact Instance of 'MaterialFonts' is not required, skipping update.
[        ]   [        ] Artifact Instance of 'GradleWrapper' is not required, skipping update.
[        ]   [        ] Artifact Instance of 'AndroidGenSnapshotArtifacts' is not required, skipping update.
[        ]   [        ] Artifact Instance of 'AndroidInternalBuildArtifacts' is not required, skipping update.
[        ]   [        ] Artifact Instance of 'IOSEngineArtifacts' is not required, skipping update.
[        ]   [        ] Artifact Instance of 'FlutterWebSdk' is not required, skipping update.
[        ]   [        ] Artifact Instance of 'FlutterEngineStamp' is not required, skipping update.
[        ]   [        ] Artifact Instance of 'LegacyCanvasKitRemover' is not required, skipping update.
[        ]   [        ] Artifact Instance of 'FlutterSdk' is not required, skipping update.
[   +1 ms]   [   +2 ms] Artifact Instance of 'MacOSEngineArtifacts' is not required, skipping update.
[        ]   [        ] Artifact Instance of 'LinuxEngineArtifacts' is not required, skipping update.
[        ]   [        ] Artifact Instance of 'LinuxFuchsiaSDKArtifacts' is not required, skipping update.
[        ]   [        ] Artifact Instance of 'MacOSFuchsiaSDKArtifacts' is not required, skipping update.
[        ]   [        ] Artifact Instance of 'FlutterRunnerSDKArtifacts' is not required, skipping update.
[        ]   [        ] Artifact Instance of 'FlutterRunnerDebugSymbols' is not required, skipping update.
[        ]   [        ] Artifact Instance of 'IosUsbArtifacts' is not required, skipping update.
[        ]   [        ] Artifact Instance of 'IosUsbArtifacts' is not required, skipping update.
[        ]   [        ] Artifact Instance of 'IosUsbArtifacts' is not required, skipping update.
[        ]   [        ] Artifact Instance of 'IosUsbArtifacts' is not required, skipping update.
[        ]   [        ] Artifact Instance of 'IosUsbArtifacts' is not required, skipping update.
[        ]   [        ] Artifact Instance of 'IosUsbArtifacts' is not required, skipping update.
[        ]   [        ] Artifact Instance of 'FontSubsetArtifacts' is not required, skipping update.
[        ]   [        ] Artifact Instance of 'PubDependencies' is not required, skipping update.
[  +22 ms]   [  +22 ms] Initializing file store
[  +32 ms]   [  +32 ms] Skipping target: gen_localizations
[   +3 ms]   [   +3 ms] gen_dart_plugin_registrant: Starting due to {InvalidatedReasonKind.inputChanged: The following inputs have updated contents: D:\a\otzaria\otzaria\.dart_tool\package_config.json}
[   +6 ms]   [   +6 ms] dart_build: Starting due to {}
[   +1 ms]   [   +1 ms] unpack_windows: Starting due to {}
[ +131 ms]   [ +130 ms] unpack_windows: Complete
[+2526 ms]   [+2526 ms] No packages with native assets. Skipping native assets compilation.
[   +2 ms]   [   +3 ms] dart_build: Complete
[   +2 ms]   [   +2 ms] install_code_assets: Starting due to {}
[   +2 ms]   [   +2 ms] Writing native assets json to file:///D:/a/otzaria/otzaria/.dart_tool/flutter_build/29866857151001a8716b87b7a1cf46df/native_assets.json.
[   +3 ms]   [   +3 ms] Writing D:\a\otzaria\otzaria\.dart_tool\flutter_build\29866857151001a8716b87b7a1cf46df\native_assets.json done.
[        ]   [        ] install_code_assets: Complete
[  +33 ms]   [  +32 ms] Found plugin window_manager at C:\Users\runneradmin\AppData\Local\Pub\Cache\hosted\pub.dev\window_manager-0.5.1\
[   +5 ms]   [   +5 ms] Found plugin screen_retriever at C:\Users\runneradmin\AppData\Local\Pub\Cache\hosted\pub.dev\screen_retriever-0.2.0\
[   +1 ms]   [   +1 ms] Found plugin screen_retriever_windows at C:\Users\runneradmin\AppData\Local\Pub\Cache\hosted\pub.dev\screen_retriever_windows-0.2.0\
[   +2 ms]   [   +2 ms] Found plugin screen_retriever_macos at C:\Users\runneradmin\AppData\Local\Pub\Cache\hosted\pub.dev\screen_retriever_macos-0.2.0\
[   +1 ms]   [   +1 ms] Found plugin screen_retriever_linux at C:\Users\runneradmin\AppData\Local\Pub\Cache\hosted\pub.dev\screen_retriever_linux-0.2.0\
[   +1 ms]   [   +1 ms] Found plugin url_launcher at C:\Users\runneradmin\AppData\Local\Pub\Cache\hosted\pub.dev\url_launcher-6.3.2\
[   +1 ms]   [   +1 ms] Found plugin url_launcher_windows at C:\Users\runneradmin\AppData\Local\Pub\Cache\hosted\pub.dev\url_launcher_windows-3.1.5\
[   +2 ms]   [   +2 ms] Found plugin url_launcher_web at C:\Users\runneradmin\AppData\Local\Pub\Cache\hosted\pub.dev\url_launcher_web-2.4.1\
[   +2 ms]   [   +2 ms] Found plugin url_launcher_macos at C:\Users\runneradmin\AppData\Local\Pub\Cache\hosted\pub.dev\url_launcher_macos-3.2.5\
[   +1 ms]   [   +1 ms] Found plugin url_launcher_linux at C:\Users\runneradmin\AppData\Local\Pub\Cache\hosted\pub.dev\url_launcher_linux-3.2.2\
[   +1 ms]   [   +1 ms] Found plugin url_launcher_ios at C:\Users\runneradmin\AppData\Local\Pub\Cache\hosted\pub.dev\url_launcher_ios-6.3.6\
[   +1 ms]   [   +2 ms] Found plugin url_launcher_android at C:\Users\runneradmin\AppData\Local\Pub\Cache\hosted\pub.dev\url_launcher_android-6.3.28\
[   +3 ms]   [   +3 ms] Found plugin path_provider at C:\Users\runneradmin\AppData\Local\Pub\Cache\hosted\pub.dev\path_provider-2.1.5\
[   +1 ms]   [   +1 ms] Found plugin path_provider_windows at C:\Users\runneradmin\AppData\Local\Pub\Cache\hosted\pub.dev\path_provider_windows-2.3.0\
[   +3 ms]   [   +3 ms] Found plugin path_provider_linux at C:\Users\runneradmin\AppData\Local\Pub\Cache\hosted\pub.dev\path_provider_linux-2.2.1\
[   +2 ms]   [   +2 ms] Found plugin path_provider_foundation at C:\Users\runneradmin\AppData\Local\Pub\Cache\hosted\pub.dev\path_provider_foundation-2.5.1\
[   +2 ms]   [   +2 ms] Found plugin path_provider_android at C:\Users\runneradmin\AppData\Local\Pub\Cache\hosted\pub.dev\path_provider_android-2.2.22\
[   +7 ms]   [   +7 ms] Found plugin super_native_extensions at C:\Users\runneradmin\AppData\Local\Pub\Cache\hosted\pub.dev\super_native_extensions-0.9.1\
[   +3 ms]   [   +3 ms] Found plugin irondash_engine_context at C:\Users\runneradmin\AppData\Local\Pub\Cache\hosted\pub.dev\irondash_engine_context-0.5.5\
[   +1 ms]   [   +1 ms] Found plugin device_info_plus at C:\Users\runneradmin\AppData\Local\Pub\Cache\hosted\pub.dev\device_info_plus-11.5.0\
[   +4 ms]   [   +4 ms] Found plugin sqlite3_flutter_libs at C:\Users\runneradmin\AppData\Local\Pub\Cache\hosted\pub.dev\sqlite3_flutter_libs-0.5.40\
[   +4 ms]   [   +4 ms] Found plugin sqflite at C:\Users\runneradmin\AppData\Local\Pub\Cache\hosted\pub.dev\sqflite-2.4.2\
[   +3 ms]   [   +3 ms] Found plugin sqflite_darwin at C:\Users\runneradmin\AppData\Local\Pub\Cache\hosted\pub.dev\sqflite_darwin-2.4.2\
[   +1 ms]   [   +1 ms] Found plugin sqflite_android at C:\Users\runneradmin\AppData\Local\Pub\Cache\hosted\pub.dev\sqflite_android-2.4.2+2\
[   +1 ms]   [   +1 ms] Found plugin shared_preferences at C:\Users\runneradmin\AppData\Local\Pub\Cache\hosted\pub.dev\shared_preferences-2.5.4\
[   +1 ms]   [   +1 ms] Found plugin shared_preferences_windows at C:\Users\runneradmin\AppData\Local\Pub\Cache\hosted\pub.dev\shared_preferences_windows-2.4.1\
[   +2 ms]   [   +2 ms] Found plugin shared_preferences_web at C:\Users\runneradmin\AppData\Local\Pub\Cache\hosted\pub.dev\shared_preferences_web-2.4.3\
[   +1 ms]   [   +1 ms] Found plugin shared_preferences_linux at C:\Users\runneradmin\AppData\Local\Pub\Cache\hosted\pub.dev\shared_preferences_linux-2.4.1\
[   +1 ms]   [   +1 ms] Found plugin shared_preferences_foundation at C:\Users\runneradmin\AppData\Local\Pub\Cache\hosted\pub.dev\shared_preferences_foundation-2.5.6\
[   +1 ms]   [   +1 ms] Found plugin shared_preferences_android at C:\Users\runneradmin\AppData\Local\Pub\Cache\hosted\pub.dev\shared_preferences_android-2.4.18\
[   +7 ms]   [   +7 ms] Found plugin search_engine at C:\Users\runneradmin\AppData\Local\Pub\Cache\git\otzaria_search_engine-13920073a9e4a39469eb0e4cb93f50ec245cc69c\
[   +3 ms]   [   +3 ms] Found plugin printing at C:\Users\runneradmin\AppData\Local\Pub\Cache\hosted\pub.dev\printing-5.14.2\
[   +9 ms]   [   +9 ms] Found plugin pdfium_flutter at C:\Users\runneradmin\AppData\Local\Pub\Cache\hosted\pub.dev\pdfium_flutter-0.1.9\
[   +1 ms]   [   +1 ms] Found plugin package_info_plus at C:\Users\runneradmin\AppData\Local\Pub\Cache\hosted\pub.dev\package_info_plus-9.0.0\
[   +6 ms]   [   +5 ms] Found plugin isar_flutter_libs at C:\Users\runneradmin\AppData\Local\Pub\Cache\hosted\pub.dev\isar_flutter_libs-4.0.0-dev.14\
[   +9 ms]   [   +9 ms] Found plugin webview_flutter_wkwebview at C:\Users\runneradmin\AppData\Local\Pub\Cache\hosted\pub.dev\webview_flutter_wkwebview-3.23.5\
[   +1 ms]   [   +2 ms] Found plugin webview_flutter_android at C:\Users\runneradmin\AppData\Local\Pub\Cache\hosted\pub.dev\webview_flutter_android-4.10.11\
[   +1 ms]   [   +1 ms] Found plugin webview_flutter at C:\Users\runneradmin\AppData\Local\Pub\Cache\hosted\pub.dev\webview_flutter-4.13.1\
[   +7 ms]   [   +7 ms] Found plugin just_audio at C:\Users\runneradmin\AppData\Local\Pub\Cache\hosted\pub.dev\just_audio-0.10.5\
[   +1 ms]   [   +1 ms] Found plugin just_audio_web at C:\Users\runneradmin\AppData\Local\Pub\Cache\hosted\pub.dev\just_audio_web-0.4.16\
[   +1 ms]   [   +1 ms] Found plugin audio_session at C:\Users\runneradmin\AppData\Local\Pub\Cache\hosted\pub.dev\audio_session-0.2.2\
[   +2 ms]   [   +2 ms] Found plugin video_player at C:\Users\runneradmin\AppData\Local\Pub\Cache\hosted\pub.dev\video_player-2.10.1\
[   +1 ms]   [   +1 ms] Found plugin video_player_web at C:\Users\runneradmin\AppData\Local\Pub\Cache\hosted\pub.dev\video_player_web-2.4.0\
[   +2 ms]   [   +2 ms] Found plugin video_player_avfoundation at C:\Users\runneradmin\AppData\Local\Pub\Cache\hosted\pub.dev\video_player_avfoundation-2.8.9\
[   +1 ms]   [   +1 ms] Found plugin video_player_android at C:\Users\runneradmin\AppData\Local\Pub\Cache\hosted\pub.dev\video_player_android-2.9.1\
[   +2 ms]   [   +2 ms] Found plugin wakelock_plus at C:\Users\runneradmin\AppData\Local\Pub\Cache\hosted\pub.dev\wakelock_plus-1.4.0\
[  +18 ms]   [  +17 ms] Found plugin flutter_local_notifications at C:\Users\runneradmin\AppData\Local\Pub\Cache\hosted\pub.dev\flutter_local_notifications-19.5.0\
[   +1 ms]   [   +1 ms] Found plugin flutter_local_notifications_windows at C:\Users\runneradmin\AppData\Local\Pub\Cache\hosted\pub.dev\flutter_local_notifications_windows-1.0.3\
[   +1 ms]   [   +1 ms] Found plugin flutter_local_notifications_linux at C:\Users\runneradmin\AppData\Local\Pub\Cache\hosted\pub.dev\flutter_local_notifications_linux-6.0.0\
[   +1 ms]   [   +1 ms] Found plugin flutter_document_picker at C:\Users\runneradmin\AppData\Local\Pub\Cache\git\flutter_document_picker-fc283629b2229ad99b8734f21dbdbc6be61e9933\
[   +2 ms]   [   +2 ms] Found plugin flutter_archive at C:\Users\runneradmin\AppData\Local\Pub\Cache\hosted\pub.dev\flutter_archive-6.0.4\
[   +2 ms]   [   +2 ms] Found plugin file_picker at C:\Users\runneradmin\AppData\Local\Pub\Cache\hosted\pub.dev\file_picker-10.3.8\
[   +1 ms]   [   +1 ms] Found plugin flutter_plugin_android_lifecycle at C:\Users\runneradmin\AppData\Local\Pub\Cache\hosted\pub.dev\flutter_plugin_android_lifecycle-2.0.33\
[  +26 ms]   [  +25 ms] gen_dart_plugin_registrant: Complete
[   +2 ms]   [   +2 ms] kernel_snapshot_program: Starting due to {}
[  +12 ms]   [  +12 ms] C:\hostedtoolcache\windows\flutter\stable-3.35.7-x64\bin\cache\dart-sdk\bin\dartaotruntime.exe C:\hostedtoolcache\windows\flutter\stable-3.35.7-x64\bin\cache\dart-sdk\bin\snapshots\frontend_server_aot.dart.snapshot --sdk-root C:\hostedtoolcache\windows\flutter\stable-3.35.7-x64\bin\cache\artifacts\engine\common\flutter_patched_sdk_product/ --target=flutter --no-print-incremental-dependencies -DFLUTTER_VERSION=3.35.7 -DFLUTTER_CHANNEL=stable -DFLUTTER_GIT_URL=https://github.com/flutter/flutter.git -DFLUTTER_FRAMEWORK_REVISION=adc9010625 -DFLUTTER_ENGINE_REVISION=035316565a -DFLUTTER_DART_VERSION=3.9.2 -Ddart.vm.profile=false -Ddart.vm.product=true --delete-tostring-package-uri=dart:ui --delete-tostring-package-uri=package:flutter --aot --tfa --target-os windows --packages D:\a\otzaria\otzaria\.dart_tool\package_config.json --output-dill D:\a\otzaria\otzaria\.dart_tool\flutter_build\29866857151001a8716b87b7a1cf46df\app.dill --depfile D:\a\otzaria\otzaria\.dart_tool\flutter_build\29866857
[+1066 ms] [+1038 ms] lib/localization/localization_extension.dart(46,1): error G9ECE72C6: Directives must appear before any declarations. [D:\a\otzaria\otzaria\build\windows\x64\flutter\flutter_assemble.vcxproj]
[   +2 ms]   [   +1 ms] Try moving the directive before any declarations.
[        ]   [        ] import 'package:provider/provider.dart';
[        ]   [        ] ^^^^^^
[+6325 ms] [+6354 ms] lib/localization/localization_provider.dart(52,24): error G44692867: A value of type 'String?' can't be assigned to a variable of type 'String'. [D:\a\otzaria\otzaria\build\windows\x64\flutter\flutter_assemble.vcxproj]
[        ]   [        ]       _currentLocale = savedLocale;
[        ]   [        ]                        ^
[+1277 ms] [+1277 ms] lib/settings/settings_screen.dart(351,27): error GC6690633: No named parameter with the name 'items'. [D:\a\otzaria\otzaria\build\windows\x64\flutter\flutter_assemble.vcxproj]
[   +3 ms]   [        ]                           items: const {'he': '', 'en': 'English'},
[        ]   [        ]                           ^^^^^
[        ]   [        ] /C:/Users/runneradmin/AppData/Local/Pub/Cache/hosted/pub.dev/flutter_settings_screens-0.3.4/lib/src/widgets/settings_widgets.dart:1312:9: Context: Found this candidate, but the arguments don't match.
[        ]   [        ]   const DropDownSettingsTile({
[        ]   [        ]         ^^^^^^^^^^^^^^^^^^^^
[   +2 ms] [   +6 ms] lib/settings/settings_screen.dart(1387,33): error G4020727C: Not a constant expression. [D:\a\otzaria\otzaria\build\windows\x64\flutter\flutter_assemble.vcxproj]
[        ]   [        ]                     label: Text(context.tr('none')),
[        ] [        ] lib/settings/settings_screen.dart(1387,41): error G38BEFAAB: Method invocation is not a constant expression. [D:\a\otzaria\otzaria\build\windows\x64\flutter\flutter_assemble.vcxproj]
[        ]   [        ]                                 ^^^^^^^
[        ] [        ] lib/settings/settings_screen.dart(1391,33): error G4020727C: Not a constant expression. [D:\a\otzaria\otzaria\build\windows\x64\flutter\flutter_assemble.vcxproj]
[        ]   [        ]                     label: Text(context.tr('none')),
[        ] [        ] lib/settings/settings_screen.dart(1391,41): error G38BEFAAB: Method invocation is not a constant expression. [D:\a\otzaria\otzaria\build\windows\x64\flutter\flutter_assemble.vcxproj]
[        ]   [        ]                                         ^^
[        ] [        ] lib/settings/settings_screen.dart(1395,33): error G4020727C: Not a constant expression. [D:\a\otzaria\otzaria\build\windows\x64\flutter\flutter_assemble.vcxproj]
[        ] [        ] lib/settings/settings_screen.dart(1395,41): error G38BEFAAB: Method invocation is not a constant expression. [D:\a\otzaria\otzaria\build\windows\x64\flutter\flutter_assemble.vcxproj]
[        ] [        ] lib/settings/settings_screen.dart(1477,33): error G4020727C: Not a constant expression. [D:\a\otzaria\otzaria\build\windows\x64\flutter\flutter_assemble.vcxproj]
[        ] [        ] lib/settings/settings_screen.dart(1477,41): error G38BEFAAB: Method invocation is not a constant expression. [D:\a\otzaria\otzaria\build\windows\x64\flutter\flutter_assemble.vcxproj]
[        ] [        ] lib/settings/settings_screen.dart(1482,33): error G4020727C: Not a constant expression. [D:\a\otzaria\otzaria\build\windows\x64\flutter\flutter_assemble.vcxproj]
[        ] [        ] lib/settings/settings_screen.dart(1482,41): error G38BEFAAB: Method invocation is not a constant expression. [D:\a\otzaria\otzaria\build\windows\x64\flutter\flutter_assemble.vcxproj]
[        ]   [        ]                     label: Text(context.tr('everyWeek')),
[        ]   [        ]                                 ^^^^^^^
[        ]   [        ]                     label: Text(context.tr('everyWeek')),
[        ]   [        ]                                         ^^
[        ]   [        ]                     label: Text(context.tr('everyMonth')),
[        ]   [        ]                                 ^^^^^^^
[        ]   [        ]                     label: Text(context.tr('everyMonth')),
[        ]   [        ]                                         ^^
[        ]   [        ]                     label: Text(context.tr('backupAll')),
[        ]   [        ]                                 ^^^^^^^
[        ]   [        ]                     label: Text(context.tr('backupAll')),
[        ]   [        ]                                         ^^
[        ]   [        ]                     label: Text(context.tr('custom')),
[        ]   [        ]                                 ^^^^^^^
[        ]   [        ]                     label: Text(context.tr('custom')),
[        ]   [        ]                                         ^^
[  +32 ms] [  +32 ms] lib/text_book/bloc/text_book_bloc.dart(125,41): error G44692867: A value of type 'Future<String>' can't be returned from a function with return type 'Future<List<String>>'. [D:\a\otzaria\otzaria\build\windows\x64\flutter\flutter_assemble.vcxproj]
[        ]   [        ]  - 'Future' is from 'dart:async'.
[   +1 ms] [        ] lib/text_book/bloc/text_book_bloc.dart(126,39): error G44692867: A value of type 'Future<List<Link>>' can't be returned from a function with return type 'Future<Map<int, List<dynamic>>>'. [D:\a\otzaria\otzaria\build\windows\x64\flutter\flutter_assemble.vcxproj]
[        ]   [        ]  - 'List' is from 'dart:core'.
[        ] [        ] lib/text_book/bloc/text_book_bloc.dart(127,37): error G44692867: A value of type 'Future<List<TocEntry>>' can't be returned from a function with return type 'Future<Map<String, dynamic>>'. [D:\a\otzaria\otzaria\build\windows\x64\flutter\flutter_assemble.vcxproj]
[        ]   [        ]         contentLoader: () => repository.getBookContent(book),
[        ] [        ] lib/text_book/bloc/text_book_bloc.dart(173,50): error GC2F972A8: The argument type 'Map<String, dynamic>' can't be assigned to the parameter type 'FutureOr<List<TocEntry>>?'. [D:\a\otzaria\otzaria\build\windows\x64\flutter\flutter_assemble.vcxproj]
[        ]   [        ]                                         ^
[        ] [        ] lib/text_book/bloc/text_book_bloc.dart(184,55): error GC2F972A8: The argument type 'Map<int, List<dynamic>>' can't be assigned to the parameter type 'List<Link>'. [D:\a\otzaria\otzaria\build\windows\x64\flutter\flutter_assemble.vcxproj]
[        ]   [        ]  - 'Future' is from 'dart:async'.
[        ] [        ] lib/text_book/bloc/text_book_bloc.dart(200,16): error GC2F972A8: The argument type 'Map<int, List<dynamic>>' can't be assigned to the parameter type 'List<Link>'. [D:\a\otzaria\otzaria\build\windows\x64\flutter\flutter_assemble.vcxproj]
[  +11 ms] [        ] lib/text_book/bloc/text_book_bloc.dart(225,26): error GE5CFE876: The method 'split' isn't defined for the type 'List<String>'. [D:\a\otzaria\otzaria\build\windows\x64\flutter\flutter_assemble.vcxproj]
[        ]   [        ]  - 'List' is from 'dart:core'.
[        ]   [        ]  - 'Link' is from 'package:otzaria/models/links.dart' ('lib/models/links.dart').
[        ]   [        ]  - 'Map' is from 'dart:core'.
[        ]   [        ]         linksLoader: () => repository.getBookLinks(book),
[        ]   [        ]                                       ^
[        ]   [        ]  - 'Future' is from 'dart:async'.
[        ]   [        ]  - 'List' is from 'dart:core'.
[   +3 ms]   [        ]  - 'TocEntry' is from 'package:otzaria/models/books.dart' ('lib/models/books.dart').
[        ]   [        ]  - 'Map' is from 'dart:core'.
[        ]   [        ]         tocLoader: () => repository.getTableOfContents(book),
[        ]   [        ]                                     ^
[        ]   [        ]  - 'Map' is from 'dart:core'.
[        ]   [        ]  - 'List' is from 'dart:core'.
[        ]   [        ]  - 'TocEntry' is from 'package:otzaria/models/books.dart' ('lib/models/books.dart').
[        ]   [        ]               visibleIndices.first, Future.value(tableOfContents));
[        ]   [        ]                                                  ^
[        ]   [        ]  - 'Map' is from 'dart:core'.
[        ]   [        ]  - 'List' is from 'dart:core'.
[        ]   [        ]  - 'Link' is from 'package:otzaria/models/links.dart' ('lib/models/links.dart').
[        ]   [        ]             await repository.getAvailableCommentators(links);
[        ]   [        ]                                                       ^
[        ]   [        ]  - 'Map' is from 'dart:core'.
[        ]   [        ]  - 'List' is from 'dart:core'.
[        ]   [        ]  - 'Link' is from 'package:otzaria/models/links.dart' ('lib/models/links.dart').
[        ]   [        ]         links: links,
[        ]   [        ]                ^
[        ]   [        ]  - 'List' is from 'dart:core'.
[        ]   [        ] Try correcting the name to the name of an existing method, or defining a method named 'split'.
[        ] [        ] lib/text_book/bloc/text_book_bloc.dart(226,16): error GC2F972A8: The argument type 'Map<int, List<dynamic>>' can't be assigned to the parameter type 'List<Link>'. [D:\a\otzaria\otzaria\build\windows\x64\flutter\flutter_assemble.vcxproj]
[        ] [        ] lib/text_book/bloc/text_book_bloc.dart(228,26): error GC2F972A8: The argument type 'Map<String, dynamic>' can't be assigned to the parameter type 'List<TocEntry>'. [D:\a\otzaria\otzaria\build\windows\x64\flutter\flutter_assemble.vcxproj]
[        ]   [        ]         content: content.split('\n'),
[        ]   [        ]                          ^^^^^
[        ]   [        ]  - 'Map' is from 'dart:core'.
[        ]   [        ]  - 'List' is from 'dart:core'.
[        ]   [        ]  - 'Link' is from 'package:otzaria/models/links.dart' ('lib/models/links.dart').
[        ]   [        ]         links: links,
[        ]   [        ]                ^
[        ]   [        ]  - 'Map' is from 'dart:core'.
[        ]   [        ]  - 'List' is from 'dart:core'.
[        ]   [        ]  - 'TocEntry' is from 'package:otzaria/models/books.dart' ('lib/models/books.dart').
[        ]   [        ]         tableOfContents: tableOfContents,
[        ]   [        ]                          ^
[ +959 ms] [ +973 ms] lib/localization/localization_extension.dart(39,25): error G75B77105: Member not found: '_englishStrings'. [D:\a\otzaria\otzaria\build\windows\x64\flutter\flutter_assemble.vcxproj]
[        ]   [        ]       return AppStrings._englishStrings[key] ?? key;
[        ]   [        ]                         ^^^^^^^^^^^^^^^
[        ] [        ] lib/localization/localization_extension.dart(42,23): error G75B77105: Member not found: '_hebrewStrings'. [D:\a\otzaria\otzaria\build\windows\x64\flutter\flutter_assemble.vcxproj]
[        ]   [        ]     return AppStrings._hebrewStrings[key] ?? key;
[        ]   [        ]                       ^^^^^^^^^^^^^^
[+4403 ms] [+4403 ms] lib/localization/app_strings.dart(264,53): error G8388A750: Constant evaluation error: [D:\a\otzaria\otzaria\build\windows\x64\flutter\flutter_assemble.vcxproj]
[        ]   [        ]   static const Map<String, String> _hebrewStrings = {
[        ] [        ] lib/localization/app_strings.dart(491,54): error G8388A750: Constant evaluation error: [D:\a\otzaria\otzaria\build\windows\x64\flutter\flutter_assemble.vcxproj]
[        ]   [        ]                                                     ^
[        ]   [        ] lib/localization/app_strings.dart:479:5: Context: The key '"close_"' conflicts with another existing key in the map.
[        ]   [        ]     'close_': '',
[        ]   [        ]     ^
[        ]   [        ] lib/localization/app_strings.dart:264:36: Context: While analyzing:
[        ]   [        ]   static const Map<String, String> _hebrewStrings = {
[        ]   [        ]                                    ^
[        ]   [        ]   static const Map<String, String> _englishStrings = {
[        ]   [        ]                                                      ^
[        ]   [        ] lib/localization/app_strings.dart:706:5: Context: The key '"close_"' conflicts with another existing key in the map.
[        ]   [        ]     'close_': 'Close',
[        ]   [        ]     ^
[        ]   [        ] lib/localization/app_strings.dart:491:36: Context: While analyzing:
[        ]   [        ]   static const Map<String, String> _englishStrings = {
[        ]   [        ]                                    ^
[+4114 ms]   [+4115 ms] Persisting file store
[   +2 ms]   [   +2 ms] Done persisting file store
[   +3 ms]   [   +3 ms] Target kernel_snapshot_program failed: Exception
[        ]              #0      KernelSnapshot.build (package:flutter_tools/src/build_system/targets/common.dart:282:7)
[        ]              <asynchronous suspension>
[        ]              #1      _BuildInstance._invokeInternal (package:flutter_tools/src/build_system/build_system.dart:873:9)
[        ]              <asynchronous suspension>
[        ]              #2      Future.wait.<anonymous closure> (dart:async/future.dart:525:21)
[        ]              <asynchronous suspension>
[        ]              #3      _BuildInstance.invokeTarget (package:flutter_tools/src/build_system/build_system.dart:811:32)
[        ]              <asynchronous suspension>
[        ]              #4      Future.wait.<anonymous closure> (dart:async/future.dart:525:21)
[        ]              <asynchronous suspension>
[        ]              #5      _BuildInstance.invokeTarget (package:flutter_tools/src/build_system/build_system.dart:811:32)
[        ]              <asynchronous suspension>
[        ]              #6      Future.wait.<anonymous closure> (dart:async/future.dart:525:21)
[        ]              <asynchronous suspension>
[        ]              #7      _BuildInstance.invokeTarget (package:flutter_tools/src/build_system/build_system.dart:811:32)
[        ]              <asynchronous suspension>
[        ]              #8      FlutterBuildSystem.build (package:flutter_tools/src/build_system/build_system.dart:631:16)
[        ]              <asynchronous suspension>
[        ]              #9      AssembleCommand.runCommand (package:flutter_tools/src/commands/assemble.dart:346:32)
[        ]              <asynchronous suspension>
[        ]              #10     FlutterCommand.run.<anonymous closure> (package:flutter_tools/src/runner/flutter_command.dart:1581:27)
[        ]              <asynchronous suspension>
[        ]              #11     AppContext.run.<anonymous closure> (package:flutter_tools/src/base/context.dart:154:19)
[        ]              <asynchronous suspension>
[        ]              #12     CommandRunner.runCommand (package:args/command_runner.dart:212:13)
[        ]              <asynchronous suspension>
[        ]              #13     FlutterCommandRunner.runCommand.<anonymous closure> (package:flutter_tools/src/runner/flutter_command_runner.dart:503:9)
[        ]              <asynchronous suspension>
[        ]              #14     AppContext.run.<anonymous closure> (package:flutter_tools/src/base/context.dart:154:19)
[        ]              <asynchronous suspension>
[        ]              #15     FlutterCommandRunner.runCommand (package:flutter_tools/src/runner/flutter_command_runner.dart:438:5)
[        ]              <asynchronous suspension>
[        ]              #16     run.<anonymous closure>.<anonymous closure> (package:flutter_tools/runner.dart:98:11)
[        ]              <asynchronous suspension>
[        ]              #17     AppContext.run.<anonymous closure> (package:flutter_tools/src/base/context.dart:154:19)
[        ]              <asynchronous suspension>
[        ]              #18     main (package:flutter_tools/executable.dart:101:3)
[        ]              <asynchronous suspension>
[   +4 ms]   [   +9 ms] "flutter assemble" took 21,282ms.
[   +8 ms]   [   +8 ms] 
[        ]              #0      throwToolExit (package:flutter_tools/src/base/common.dart:34:3)
[        ]              #1      AssembleCommand.runCommand (package:flutter_tools/src/commands/assemble.dart:364:7)
[        ]              <asynchronous suspension>
[        ]              #2      FlutterCommand.run.<anonymous closure> (package:flutter_tools/src/runner/flutter_command.dart:1581:27)
[        ]              <asynchronous suspension>
[        ]              #3      AppContext.run.<anonymous closure> (package:flutter_tools/src/base/context.dart:154:19)
[        ]              <asynchronous suspension>
[        ]              #4      CommandRunner.runCommand (package:args/command_runner.dart:212:13)
[        ]              <asynchronous suspension>
[        ]              #5      FlutterCommandRunner.runCommand.<anonymous closure> (package:flutter_tools/src/runner/flutter_command_runner.dart:503:9)
[        ]              <asynchronous suspension>
[        ]              #6      AppContext.run.<anonymous closure> (package:flutter_tools/src/base/context.dart:154:19)
[        ]              <asynchronous suspension>
[        ]              #7      FlutterCommandRunner.runCommand (package:flutter_tools/src/runner/flutter_command_runner.dart:438:5)
[        ]              <asynchronous suspension>
[        ]              #8      run.<anonymous closure>.<anonymous closure> (package:flutter_tools/runner.dart:98:11)
[        ]              <asynchronous suspension>
[        ]              #9      AppContext.run.<anonymous closure> (package:flutter_tools/src/base/context.dart:154:19)
[        ]              <asynchronous suspension>
[        ]              #10     main (package:flutter_tools/executable.dart:101:3)
[        ]              <asynchronous suspension>
[        ]   [        ] Running 1 shutdown hook
[        ]   [        ] Shutdown hooks complete
[        ]   [        ] exiting with code 1
[  +38 ms] C:\Program Files\Microsoft Visual Studio\2022\Enterprise\MSBuild\Microsoft\VC\v170\Microsoft.CppCommon.targets(254,5): error MSB8066: Custom build for 'D:\a\otzaria\otzaria\build\windows\x64\CMakeFiles\c7904100b64675fbc70765d0066c2226\flutter_windows.dll.rule;D:\a\otzaria\otzaria\build\windows\x64\CMakeFiles\d94be97e2900ae763f7f2d0d37f01d7d\flutter_assemble.rule;D:\a\otzaria\otzaria\windows\flutter\CMakeLists.txt' exited with code 1. [D:\a\otzaria\otzaria\build\windows\x64\flutter\flutter_assemble.vcxproj]
[  +59 ms] Done Building Project "D:\a\otzaria\otzaria\build\windows\x64\flutter\flutter_assemble.vcxproj" (default targets) -- FAILED.
[   +1 ms] Done Building Project "D:\a\otzaria\otzaria\build\windows\x64\flutter\flutter_wrapper_app.vcxproj" (default targets) -- FAILED.
[ +146 ms] Project "D:\a\otzaria\otzaria\build\windows\x64\ALL_BUILD.vcxproj" (3) is building "D:\a\otzaria\otzaria\build\windows\x64\plugins\sqlite3_flutter_libs\sqlite3.vcxproj" (14) on node 1 (default targets).
[        ] PrepareForBuild:
[        ]   Creating directory "sqlite3.dir\Release\".
[   +1 ms]   Structured output is enabled. The formatting of compiler diagnostics will reflect the error hierarchy. See https://aka.ms/cpp/structured-output for more details.
[        ]   Creating directory "D:\a\otzaria\otzaria\build\windows\x64\plugins\sqlite3_flutter_libs\Release\".
[        ]   Creating directory "sqlite3.dir\Release\sqlite3.tlog\".
[   +1 ms] InitializeBuildStatus:
[        ]   Creating "sqlite3.dir\Release\sqlite3.tlog\unsuccessfulbuild" because "AlwaysCreate" was specified.
[        ]   Touching "sqlite3.dir\Release\sqlite3.tlog\unsuccessfulbuild".
[  +30 ms] CustomBuild:
[        ]   Building Custom Rule D:/a/otzaria/otzaria/windows/flutter/ephemeral/.plugin_symlinks/sqlite3_flutter_libs/windows/CMakeLists.txt
[  +32 ms] ClCompile:
[        ]   C:\Program Files\Microsoft Visual Studio\2022\Enterprise\VC\Tools\MSVC\14.44.35207\bin\HostX64\x64\CL.exe /c /I"D:\a\otzaria\otzaria\build\windows\x64\_deps\sqlite3-src" /nologo /W3 /WX- /diagnostics:column /O2 /Ob2 /D _WINDLL /D _UNICODE /D UNICODE /D WIN32 /D _WINDOWS /D NDEBUG /D SQLITE_ENABLE_DBSTAT_VTAB /D SQLITE_ENABLE_FTS5 /D SQLITE_ENABLE_RTREE /D SQLITE_ENABLE_MATH_FUNCTIONS /D SQLITE_DQS=0 /D SQLITE_DEFAULT_MEMSTATUS=0 /D SQLITE_TEMP_STORE=2 /D SQLITE_MAX_EXPR_DEPTH=0 /D SQLITE_STRICT_SUBTYPE=1 /D SQLITE_OMIT_AUTHORIZATION /D SQLITE_OMIT_DECLTYPE /D SQLITE_OMIT_DEPRECATED /D SQLITE_OMIT_PROGRESS_CALLBACK /D SQLITE_OMIT_SHARED_CACHE /D SQLITE_OMIT_TCL_VARIABLE /D SQLITE_OMIT_TRACE /D SQLITE_USE_ALLOCA /D SQLITE_ENABLE_SESSION /D SQLITE_ENABLE_PREUPDATE_HOOK /D SQLITE_UNTESTABLE /D SQLITE_HAVE_ISNAN /D SQLITE_HAVE_LOCALTIME_R /D SQLITE_HAVE_LOCALTIME_S /D UNICODE /D _UNICODE /D "CMAKE_INTDIR=\"Release\"" /D sqlite3_EXPORTS /MD /GS /fp:precise /Zc:wchar_t /Zc:forScope /Zc:inline /Fo"sqlite
[  +54 ms] cl : command line  warning D9025: overriding '/W3' with '/w' [D:\a\otzaria\otzaria\build\windows\x64\plugins\sqlite3_flutter_libs\sqlite3.vcxproj]
[        ]   sqlite3_flutter.c
[+17905 ms] Link:
[        ]   C:\Program Files\Microsoft Visual Studio\2022\Enterprise\VC\Tools\MSVC\14.44.35207\bin\HostX64\x64\link.exe /ERRORREPORT:QUEUE /OUT:"D:\a\otzaria\otzaria\build\windows\x64\plugins\sqlite3_flutter_libs\Release\sqlite3.dll" /INCREMENTAL:NO /NOLOGO kernel32.lib user32.lib gdi32.lib winspool.lib shell32.lib ole32.lib oleaut32.lib uuid.lib comdlg32.lib advapi32.lib /MANIFEST /MANIFESTUAC:"level='asInvoker' uiAccess='false'" /manifest:embed /PDB:"D:/a/otzaria/otzaria/build/windows/x64/plugins/sqlite3_flutter_libs/Release/sqlite3.pdb" /SUBSYSTEM:CONSOLE /TLBID:1 /DYNAMICBASE /NXCOMPAT /IMPLIB:"D:/a/otzaria/otzaria/build/windows/x64/plugins/sqlite3_flutter_libs/Release/sqlite3.lib" /MACHINE:X64  /machine:x64 /DLL sqlite3.dir\Release\sqlite3_flutter.obj
[  +51 ms]      Creating library D:/a/otzaria/otzaria/build/windows/x64/plugins/sqlite3_flutter_libs/Release/sqlite3.lib and object D:/a/otzaria/otzaria/build/windows/x64/plugins/sqlite3_flutter_libs/Release/sqlite3.exp
[  +69 ms]   sqlite3.vcxproj -> D:\a\otzaria\otzaria\build\windows\x64\plugins\sqlite3_flutter_libs\Release\sqlite3.dll
[   +7 ms] FinalizeBuildStatus:
[        ]   Deleting file "sqlite3.dir\Release\sqlite3.tlog\unsuccessfulbuild".
[        ]   Touching "sqlite3.dir\Release\sqlite3.tlog\sqlite3.lastbuildstate".
[        ] Done Building Project "D:\a\otzaria\otzaria\build\windows\x64\plugins\sqlite3_flutter_libs\sqlite3.vcxproj" (default targets).
[  +69 ms] Project "D:\a\otzaria\otzaria\build\windows\x64\ALL_BUILD.vcxproj" (3) is building "D:\a\otzaria\otzaria\build\windows\x64\plugins\super_native_extensions\super_native_extensions_plugin.vcxproj" (16) on node 1 (default targets).
[        ] Project "D:\a\otzaria\otzaria\build\windows\x64\plugins\super_native_extensions\super_native_extensions_plugin.vcxproj" (16) is building "D:\a\otzaria\otzaria\build\windows\x64\plugins\super_native_extensions\super_native_extensions_plugin_cargokit.vcxproj" (17) on node 1 (default targets).
[        ] PrepareForBuild:
[        ]   Creating directory "x64\Release\super_native_extensions_plugin_cargokit\".
[   +1 ms]   Structured output is enabled. The formatting of compiler diagnostics will reflect the error hierarchy. See https://aka.ms/cpp/structured-output for more details.
[        ]   Creating directory "x64\Release\super_native_extensions_plugin_cargokit\super_na.FD8A288A.tlog\".
[   +1 ms] InitializeBuildStatus:
[        ]   Creating "x64\Release\super_native_extensions_plugin_cargokit\super_na.FD8A288A.tlog\unsuccessfulbuild" because "AlwaysCreate" was specified.
[        ]   Touching "x64\Release\super_native_extensions_plugin_cargokit\super_na.FD8A288A.tlog\unsuccessfulbuild".
[        ] ComputeCustomBuildOutput:
[        ]   Creating directory "D:\a\otzaria\otzaria\build\windows\x64\plugins\super_native_extensions\Release\".
[        ] CustomBuild:
[        ]   "The build of 'D:\a\otzaria\otzaria\build\windows\x64\CMakeFiles\721a98f424f8fcdf393ecd3bb03fffea\super_native_extensions_plugin_cargokit.rule' depends on 'D:\A\OTZARIA\OTZARIA\BUILD\WINDOWS\X64\PLUGINS\SUPER_NATIVE_EXTENSIONS\RELEASE\SUPER_NATIVE_EXTENSIONS.DLL' which is produced by the build of 'D:\a\otzaria\otzaria\build\windows\x64\CMakeFiles\aec34df97f6330029dd3797a2d345bf5\super_native_extensions.dll.rule'. The items cannot be built in parallel."
[  +26 ms]   Generating Release/super_native_extensions.dll, _phony_
[  +32 ms]   The system cannot find the path specified.
[        ]   The system cannot find the path specified.
[        ]   The system cannot find the file specified.
[   +9 ms]   The system cannot find the file specified.
[   +1 ms]   Running pub get in "D:\a\otzaria\otzaria\build\windows\x64\plugins\super_native_extensions\cargokit_build\tool"
[ +131 ms]   Resolving dependencies...
[ +627 ms]   Downloading packages...
[  +16 ms]   + adaptive_number 1.0.0
[        ]   + args 2.4.2 (2.7.0 available)
[        ]   + async 2.13.0
[        ]   + build_tool 1.0.0 from path D:/a/otzaria/otzaria/windows/flutter/ephemeral/.plugin_symlinks/super_native_extensions/cargokit/build_tool
[        ]   + collection 1.18.0 (1.19.1 available)
[        ]   + convert 3.1.1 (3.1.2 available)
[        ]   + crypto 3.0.3 (3.0.7 available)
[        ]   + ed25519_edwards 0.3.1
[        ]   + fixnum 1.1.1
[        ]   + github 9.17.0 (9.25.0 available)
[        ]   + hex 0.2.0
[        ]   + http 1.1.0 (1.6.0 available)
[        ]   + http_parser 4.0.2 (4.1.2 available)
[        ]   + json_annotation 4.9.0
[        ]   + logging 1.2.0 (1.3.0 available)
[        ]   + meta 1.18.0
[        ]   + path 1.8.0 (1.9.1 available)
[        ]   + petitparser 5.4.0 (7.0.1 available)
[        ]   + source_span 1.10.0 (1.10.1 available)
[        ]   + string_scanner 1.4.1
[        ]   + term_glyph 1.2.2
[        ]   + toml 0.14.0 (0.18.0 available)
[        ]   + typed_data 1.4.0
[        ]   + version 3.0.0 (3.0.2 available)
[        ]   + yaml 3.1.2 (3.1.3 available)
[        ]   Changed 25 dependencies!
[        ]   14 packages have newer versions incompatible with dependency constraints.
[        ]   Try `dart pub outdated` for more information.
[ +133 ms]   Compiling bin/build_tool_runner.dart to kernel file bin/build_tool_runner.dill.
[+1320 ms]   INFO: Precompiled binaries are disabled
[ +160 ms]   INFO: Building super_native_extensions for x86_64-pc-windows-msvc
[+63355 ms]   Building Custom Rule D:/a/otzaria/otzaria/windows/flutter/ephemeral/.plugin_symlinks/super_native_extensions/windows/CMakeLists.txt
[  +31 ms] FinalizeBuildStatus:
[        ]   Deleting file "x64\Release\super_native_extensions_plugin_cargokit\super_na.FD8A288A.tlog\unsuccessfulbuild".
[        ]   Touching "x64\Release\super_native_extensions_plugin_cargokit\super_na.FD8A288A.tlog\super_native_extensions_plugin_cargokit.lastbuildstate".
[   +1 ms] Done Building Project "D:\a\otzaria\otzaria\build\windows\x64\plugins\super_native_extensions\super_native_extensions_plugin_cargokit.vcxproj" (default targets).
[        ] Done Building Project "D:\a\otzaria\otzaria\build\windows\x64\plugins\super_native_extensions\super_native_extensions_plugin.vcxproj" (default targets) -- FAILED.
[  +41 ms] Done Building Project "D:\a\otzaria\otzaria\build\windows\x64\ALL_BUILD.vcxproj" (default targets) -- FAILED.
[        ] Done Building Project "D:\a\otzaria\otzaria\build\windows\x64\INSTALL.vcxproj" (default targets) -- FAILED.
[   +2 ms] Build FAILED.
[        ] "D:\a\otzaria\otzaria\build\windows\x64\INSTALL.vcxproj" (default target) (1) ->
[        ] "D:\a\otzaria\otzaria\build\windows\x64\ALL_BUILD.vcxproj" (default target) (3) ->
[        ] "D:\a\otzaria\otzaria\build\windows\x64\plugins\sqlite3_flutter_libs\sqlite3.vcxproj" (default target) (14) ->
[        ] (ClCompile target) -> 
[        ]   cl : command line  warning D9025: overriding '/W3' with '/w' [D:\a\otzaria\otzaria\build\windows\x64\plugins\sqlite3_flutter_libs\sqlite3.vcxproj]
[        ] "D:\a\otzaria\otzaria\build\windows\x64\INSTALL.vcxproj" (default target) (1) ->
[        ] "D:\a\otzaria\otzaria\build\windows\x64\ALL_BUILD.vcxproj" (default target) (3) ->
[        ] "D:\a\otzaria\otzaria\build\windows\x64\flutter\flutter_wrapper_app.vcxproj" (default target) (6) ->
[        ] "D:\a\otzaria\otzaria\build\windows\x64\flutter\flutter_assemble.vcxproj" (default target) (7) ->
[        ] (CustomBuild target) -> 
[        ]   [+1038 ms] lib/localization/localization_extension.dart(46,1): error G9ECE72C6: Directives must appear before any declarations. [D:\a\otzaria\otzaria\build\windows\x64\flutter\flutter_assemble.vcxproj]
[        ]   [+6354 ms] lib/localization/localization_provider.dart(52,24): error G44692867: A value of type 'String?' can't be assigned to a variable of type 'String'. [D:\a\otzaria\otzaria\build\windows\x64\flutter\flutter_assemble.vcxproj]
[        ]   [+1277 ms] lib/settings/settings_screen.dart(351,27): error GC6690633: No named parameter with the name 'items'. [D:\a\otzaria\otzaria\build\windows\x64\flutter\flutter_assemble.vcxproj]
[        ]   [   +6 ms] lib/settings/settings_screen.dart(1387,33): error G4020727C: Not a constant expression. [D:\a\otzaria\otzaria\build\windows\x64\flutter\flutter_assemble.vcxproj]
[        ]   [        ] lib/settings/settings_screen.dart(1387,41): error G38BEFAAB: Method invocation is not a constant expression. [D:\a\otzaria\otzaria\build\windows\x64\flutter\flutter_assemble.vcxproj]
[        ]   [        ] lib/settings/settings_screen.dart(1391,33): error G4020727C: Not a constant expression. [D:\a\otzaria\otzaria\build\windows\x64\flutter\flutter_assemble.vcxproj]
[        ]   [        ] lib/settings/settings_screen.dart(1391,41): error G38BEFAAB: Method invocation is not a constant expression. [D:\a\otzaria\otzaria\build\windows\x64\flutter\flutter_assemble.vcxproj]
[        ]   [        ] lib/settings/settings_screen.dart(1395,33): error G4020727C: Not a constant expression. [D:\a\otzaria\otzaria\build\windows\x64\flutter\flutter_assemble.vcxproj]
[        ]   [        ] lib/settings/settings_screen.dart(1395,41): error G38BEFAAB: Method invocation is not a constant expression. [D:\a\otzaria\otzaria\build\windows\x64\flutter\flutter_assemble.vcxproj]
[        ]   [        ] lib/settings/settings_screen.dart(1477,33): error G4020727C: Not a constant expression. [D:\a\otzaria\otzaria\build\windows\x64\flutter\flutter_assemble.vcxproj]
[        ]   [        ] lib/settings/settings_screen.dart(1477,41): error G38BEFAAB: Method invocation is not a constant expression. [D:\a\otzaria\otzaria\build\windows\x64\flutter\flutter_assemble.vcxproj]
[        ]   [        ] lib/settings/settings_screen.dart(1482,33): error G4020727C: Not a constant expression. [D:\a\otzaria\otzaria\build\windows\x64\flutter\flutter_assemble.vcxproj]
[        ]   [        ] lib/settings/settings_screen.dart(1482,41): error G38BEFAAB: Method invocation is not a constant expression. [D:\a\otzaria\otzaria\build\windows\x64\flutter\flutter_assemble.vcxproj]
[        ]   [  +32 ms] lib/text_book/bloc/text_book_bloc.dart(125,41): error G44692867: A value of type 'Future<String>' can't be returned from a function with return type 'Future<List<String>>'. [D:\a\otzaria\otzaria\build\windows\x64\flutter\flutter_assemble.vcxproj]
[        ]   [        ] lib/text_book/bloc/text_book_bloc.dart(126,39): error G44692867: A value of type 'Future<List<Link>>' can't be returned from a function with return type 'Future<Map<int, List<dynamic>>>'. [D:\a\otzaria\otzaria\build\windows\x64\flutter\flutter_assemble.vcxproj]
[        ]   [        ] lib/text_book/bloc/text_book_bloc.dart(127,37): error G44692867: A value of type 'Future<List<TocEntry>>' can't be returned from a function with return type 'Future<Map<String, dynamic>>'. [D:\a\otzaria\otzaria\build\windows\x64\flutter\flutter_assemble.vcxproj]
[        ]   [        ] lib/text_book/bloc/text_book_bloc.dart(173,50): error GC2F972A8: The argument type 'Map<String, dynamic>' can't be assigned to the parameter type 'FutureOr<List<TocEntry>>?'. [D:\a\otzaria\otzaria\build\windows\x64\flutter\flutter_assemble.vcxproj]
[        ]   [        ] lib/text_book/bloc/text_book_bloc.dart(184,55): error GC2F972A8: The argument type 'Map<int, List<dynamic>>' can't be assigned to the parameter type 'List<Link>'. [D:\a\otzaria\otzaria\build\windows\x64\flutter\flutter_assemble.vcxproj]
[        ]   [        ] lib/text_book/bloc/text_book_bloc.dart(200,16): error GC2F972A8: The argument type 'Map<int, List<dynamic>>' can't be assigned to the parameter type 'List<Link>'. [D:\a\otzaria\otzaria\build\windows\x64\flutter\flutter_assemble.vcxproj]
[        ]   [        ] lib/text_book/bloc/text_book_bloc.dart(225,26): error GE5CFE876: The method 'split' isn't defined for the type 'List<String>'. [D:\a\otzaria\otzaria\build\windows\x64\flutter\flutter_assemble.vcxproj]
[        ]   [        ] lib/text_book/bloc/text_book_bloc.dart(226,16): error GC2F972A8: The argument type 'Map<int, List<dynamic>>' can't be assigned to the parameter type 'List<Link>'. [D:\a\otzaria\otzaria\build\windows\x64\flutter\flutter_assemble.vcxproj]
[        ]   [        ] lib/text_book/bloc/text_book_bloc.dart(228,26): error GC2F972A8: The argument type 'Map<String, dynamic>' can't be assigned to the parameter type 'List<TocEntry>'. [D:\a\otzaria\otzaria\build\windows\x64\flutter\flutter_assemble.vcxproj]
[        ]   [ +973 ms] lib/localization/localization_extension.dart(39,25): error G75B77105: Member not found: '_englishStrings'. [D:\a\otzaria\otzaria\build\windows\x64\flutter\flutter_assemble.vcxproj]
[        ]   [        ] lib/localization/localization_extension.dart(42,23): error G75B77105: Member not found: '_hebrewStrings'. [D:\a\otzaria\otzaria\build\windows\x64\flutter\flutter_assemble.vcxproj]
[        ]   [+4403 ms] lib/localization/app_strings.dart(264,53): error G8388A750: Constant evaluation error: [D:\a\otzaria\otzaria\build\windows\x64\flutter\flutter_assemble.vcxproj]
[        ]   [        ] lib/localization/app_strings.dart(491,54): error G8388A750: Constant evaluation error: [D:\a\otzaria\otzaria\build\windows\x64\flutter\flutter_assemble.vcxproj]
[        ]   C:\Program Files\Microsoft Visual Studio\2022\Enterprise\MSBuild\Microsoft\VC\v170\Microsoft.CppCommon.targets(254,5): error MSB8066: Custom build for 'D:\a\otzaria\otzaria\build\windows\x64\CMakeFiles\c7904100b64675fbc70765d0066c2226\flutter_windows.dll.rule;D:\a\otzaria\otzaria\build\windows\x64\CMakeFiles\d94be97e2900ae763f7f2d0d37f01d7d\flutter_assemble.rule;D:\a\otzaria\otzaria\windows\flutter\CMakeLists.txt' exited with code 1. [D:\a\otzaria\otzaria\build\windows\x64\flutter\flutter_assemble.vcxproj]
[        ]     1 Warning(s)
[        ]     27 Error(s)
[        ] Time Elapsed 00:06:16.42
[  +25 ms] Building Windows application... (completed in 419.0s)
[   +1 ms] "flutter windows" took 421,172ms.
[   +9 ms] Build process failed.
[        ] 
           #0      throwToolExit (package:flutter_tools/src/base/common.dart:34:3)
           #1      _runBuild (package:flutter_tools/src/windows/build_windows.dart:258:5)
           <asynchronous suspension>
           #2      buildWindows (package:flutter_tools/src/windows/build_windows.dart:114:5)
           <asynchronous suspension>
           #3      BuildWindowsCommand.runCommand (package:flutter_tools/src/commands/build_windows.dart:66:5)
           <asynchronous suspension>
           #4      FlutterCommand.run.<anonymous closure> (package:flutter_tools/src/runner/flutter_command.dart:1581:27)
           <asynchronous suspension>
           #5      AppContext.run.<anonymous closure> (package:flutter_tools/src/base/context.dart:154:19)
           <asynchronous suspension>
           #6      CommandRunner.runCommand (package:args/command_runner.dart:212:13)
           <asynchronous suspension>
           #7      FlutterCommandRunner.runCommand.<anonymous closure> (package:flutter_tools/src/runner/flutter_command_runner.dart:503:9)
           <asynchronous suspension>
           #8      AppContext.run.<anonymous closure> (package:flutter_tools/src/base/context.dart:154:19)
           <asynchronous suspension>
           #9      FlutterCommandRunner.runCommand (package:flutter_tools/src/runner/flutter_command_runner.dart:438:5)
           <asynchronous suspension>
           #10     run.<anonymous closure>.<anonymous closure> (package:flutter_tools/runner.dart:98:11)
           <asynchronous suspension>
           #11     AppContext.run.<anonymous closure> (package:flutter_tools/src/base/context.dart:154:19)
           <asynchronous suspension>
           #12     main (package:flutter_tools/executable.dart:101:3)
           <asynchronous suspension>
[        ] Running 1 shutdown hook
[        ] Shutdown hooks complete
[        ] exiting with code 1
Error: Process completed with exit code 1.
0s
0s
0s
0s
0s
0s
0s
0s
0s
1s
0s
